2020-02-07|11:41:50|-10220|::1|  ::NombrePagina:: :: NombrePaginaRouter[114]:: Opcion = 13
2020-02-07|11:41:50|-10220|::1|  ::NombrePagina:: :: NombrePaginaRouter[115]:: Descripcion = 13
2020-02-07|11:41:50|-10220|::1|  ::NombrePagina:: ::CGenerales.CGenerales::eliminarTempUsuario[767]:: Inicia
2020-02-07|11:41:50|-10220|::1|  ::NombrePagina:: ::CGenerales.CGenerales::eliminarTempUsuario[788]:: Fin resultado = {"mensaje":"No existe la carpeta => ..\/..\/resources\/temp\/29","resultOper":0}
2020-02-07|11:41:53|-10220|::1|  ::NombrePagina:: :: NombrePaginaRouter[114]:: Opcion = 7
2020-02-07|11:41:53|-10220|::1|  ::NombrePagina:: :: NombrePaginaRouter[115]:: Descripcion = 7
2020-02-07|11:41:53|-10220|::1|  ::NombrePagina:: :: CGenerales.CGenerales::getNotificaciones[528]:: Inicia
2020-02-07|11:41:53|-10220|::1|  ::NombrePagina:: :: CGenerales.CGenerales::getNotificaciones[540]:: SELECT id,asunto,descripcion,imagen, cast(fecha AS time) AS hora, cast(fecha AS date) AS fechaRegistro, visto,fecha FROM notificaciones WHERE estado = 1 AND idusuario_recep = 29 ORDER BY fecha DESC
2020-02-07|11:41:54|-10220|::1|  ::NombrePagina:: :: CGenerales.CGenerales::getNotificaciones[570]:: FIN
2020-02-07|11:41:59|-10220|::1|  ::NombrePagina:: :: NombrePaginaRouter[114]:: Opcion = 2
2020-02-07|11:41:59|-10220|::1|  ::NombrePagina:: :: NombrePaginaRouter[115]:: Descripcion = 2
2020-02-07|11:41:59|-10220|::1|  ::NombrePagina:: :: CGenerales.CGenerales::obtenerUsuarios[125]:: Inicia
2020-02-07|11:41:59|-10220|::1|  ::NombrePagina:: :: CGenerales.CGenerales::obtenerUsuarios[162]:: Fin
2020-02-07|11:42:55|-10220|::1|  ::NombrePagina:: :: NombrePaginaRouter[114]:: Opcion = 13
2020-02-07|11:42:56|-10220|::1|  ::NombrePagina:: :: NombrePaginaRouter[115]:: Descripcion = 13
2020-02-07|11:42:56|-10220|::1|  ::NombrePagina:: ::CGenerales.CGenerales::eliminarTempUsuario[767]:: Inicia
2020-02-07|11:42:56|-10220|::1|  ::NombrePagina:: ::CGenerales.CGenerales::eliminarTempUsuario[788]:: Fin resultado = {"mensaje":"No existe la carpeta => ..\/..\/resources\/temp\/29","resultOper":0}
2020-02-07|11:42:58|-10220|::1|  ::NombrePagina:: :: NombrePaginaRouter[114]:: Opcion = 7
2020-02-07|11:42:58|-10220|::1|  ::NombrePagina:: :: NombrePaginaRouter[115]:: Descripcion = 7
2020-02-07|11:42:59|-10220|::1|  ::NombrePagina:: :: CGenerales.CGenerales::getNotificaciones[528]:: Inicia
2020-02-07|11:42:59|-10220|::1|  ::NombrePagina:: :: CGenerales.CGenerales::getNotificaciones[540]:: SELECT id,asunto,descripcion,imagen, cast(fecha AS time) AS hora, cast(fecha AS date) AS fechaRegistro, visto,fecha FROM notificaciones WHERE estado = 1 AND idusuario_recep = 29 ORDER BY fecha DESC
2020-02-07|11:42:59|-10220|::1|  ::NombrePagina:: :: CGenerales.CGenerales::getNotificaciones[570]:: FIN
2020-02-07|11:43:00|-10220|::1|  ::NombrePagina:: :: NombrePaginaRouter[114]:: Opcion = 2
2020-02-07|11:43:00|-10220|::1|  ::NombrePagina:: :: NombrePaginaRouter[115]:: Descripcion = 2
2020-02-07|11:43:00|-10220|::1|  ::NombrePagina:: :: CGenerales.CGenerales::obtenerUsuarios[125]:: Inicia
2020-02-07|11:43:00|-10220|::1|  ::NombrePagina:: :: CGenerales.CGenerales::obtenerUsuarios[162]:: Fin
2020-02-07|11:46:03|-10220|::1|  ::NombrePagina:: :: NombrePaginaRouter[114]:: Opcion = 13
2020-02-07|11:46:03|-10220|::1|  ::NombrePagina:: :: NombrePaginaRouter[115]:: Descripcion = 13
2020-02-07|11:46:03|-10220|::1|  ::NombrePagina:: ::CGenerales.CGenerales::eliminarTempUsuario[767]:: Inicia
2020-02-07|11:46:03|-10220|::1|  ::NombrePagina:: ::CGenerales.CGenerales::eliminarTempUsuario[788]:: Fin resultado = {"mensaje":"No existe la carpeta => ..\/..\/resources\/temp\/29","resultOper":0}
2020-02-07|11:46:05|-10220|::1|  ::NombrePagina:: :: NombrePaginaRouter[114]:: Opcion = 7
2020-02-07|11:46:05|-10220|::1|  ::NombrePagina:: :: NombrePaginaRouter[115]:: Descripcion = 7
2020-02-07|11:46:05|-10220|::1|  ::NombrePagina:: :: CGenerales.CGenerales::getNotificaciones[528]:: Inicia
2020-02-07|11:46:05|-10220|::1|  ::NombrePagina:: :: CGenerales.CGenerales::getNotificaciones[540]:: SELECT id,asunto,descripcion,imagen, cast(fecha AS time) AS hora, cast(fecha AS date) AS fechaRegistro, visto,fecha FROM notificaciones WHERE estado = 1 AND idusuario_recep = 29 ORDER BY fecha DESC
2020-02-07|11:46:05|-10220|::1|  ::NombrePagina:: :: CGenerales.CGenerales::getNotificaciones[570]:: FIN
2020-02-07|11:46:06|-10220|::1|  ::NombrePagina:: :: NombrePaginaRouter[114]:: Opcion = 2
2020-02-07|11:46:06|-10220|::1|  ::NombrePagina:: :: NombrePaginaRouter[115]:: Descripcion = 2
2020-02-07|11:46:06|-10220|::1|  ::NombrePagina:: :: CGenerales.CGenerales::obtenerUsuarios[125]:: Inicia
2020-02-07|11:46:06|-10220|::1|  ::NombrePagina:: :: CGenerales.CGenerales::obtenerUsuarios[162]:: Fin
2020-02-07|11:52:32|-10220|::1|  ::NombrePagina:: :: NombrePaginaRouter[114]:: Opcion = 13
2020-02-07|11:52:32|-10220|::1|  ::NombrePagina:: :: NombrePaginaRouter[115]:: Descripcion = 13
2020-02-07|11:52:32|-10220|::1|  ::NombrePagina:: ::CGenerales.CGenerales::eliminarTempUsuario[767]:: Inicia
2020-02-07|11:52:32|-10220|::1|  ::NombrePagina:: ::CGenerales.CGenerales::eliminarTempUsuario[788]:: Fin resultado = {"mensaje":"No existe la carpeta => ..\/..\/resources\/temp\/29","resultOper":0}
2020-02-07|11:52:33|-10220|::1|  ::NombrePagina:: :: NombrePaginaRouter[114]:: Opcion = 7
2020-02-07|11:52:33|-10220|::1|  ::NombrePagina:: :: NombrePaginaRouter[115]:: Descripcion = 7
2020-02-07|11:52:33|-10220|::1|  ::NombrePagina:: :: CGenerales.CGenerales::getNotificaciones[528]:: Inicia
2020-02-07|11:52:33|-10220|::1|  ::NombrePagina:: :: CGenerales.CGenerales::getNotificaciones[540]:: SELECT id,asunto,descripcion,imagen, cast(fecha AS time) AS hora, cast(fecha AS date) AS fechaRegistro, visto,fecha FROM notificaciones WHERE estado = 1 AND idusuario_recep = 29 ORDER BY fecha DESC
2020-02-07|11:52:33|-10220|::1|  ::NombrePagina:: :: CGenerales.CGenerales::getNotificaciones[570]:: FIN
2020-02-07|11:52:35|-10220|::1|  ::NombrePagina:: :: NombrePaginaRouter[114]:: Opcion = 2
2020-02-07|11:52:35|-10220|::1|  ::NombrePagina:: :: NombrePaginaRouter[115]:: Descripcion = 2
2020-02-07|11:52:35|-10220|::1|  ::NombrePagina:: :: CGenerales.CGenerales::obtenerUsuarios[125]:: Inicia
2020-02-07|11:52:35|-10220|::1|  ::NombrePagina:: :: CGenerales.CGenerales::obtenerUsuarios[162]:: Fin
2020-02-07|11:53:04|-10220|::1|  ::NombrePagina:: :: NombrePaginaRouter[114]:: Opcion = 13
2020-02-07|11:53:04|-10220|::1|  ::NombrePagina:: :: NombrePaginaRouter[115]:: Descripcion = 13
2020-02-07|11:53:04|-10220|::1|  ::NombrePagina:: ::CGenerales.CGenerales::eliminarTempUsuario[767]:: Inicia
2020-02-07|11:53:05|-10220|::1|  ::NombrePagina:: ::CGenerales.CGenerales::eliminarTempUsuario[788]:: Fin resultado = {"mensaje":"No existe la carpeta => ..\/..\/resources\/temp\/29","resultOper":0}
2020-02-07|11:53:05|-10220|::1|  ::NombrePagina:: :: NombrePaginaRouter[114]:: Opcion = 7
2020-02-07|11:53:06|-10220|::1|  ::NombrePagina:: :: NombrePaginaRouter[115]:: Descripcion = 7
2020-02-07|11:53:06|-10220|::1|  ::NombrePagina:: :: CGenerales.CGenerales::getNotificaciones[528]:: Inicia
2020-02-07|11:53:06|-10220|::1|  ::NombrePagina:: :: CGenerales.CGenerales::getNotificaciones[540]:: SELECT id,asunto,descripcion,imagen, cast(fecha AS time) AS hora, cast(fecha AS date) AS fechaRegistro, visto,fecha FROM notificaciones WHERE estado = 1 AND idusuario_recep = 29 ORDER BY fecha DESC
2020-02-07|11:53:06|-10220|::1|  ::NombrePagina:: :: CGenerales.CGenerales::getNotificaciones[570]:: FIN
2020-02-07|11:53:08|-10220|::1|  ::NombrePagina:: :: NombrePaginaRouter[114]:: Opcion = 2
2020-02-07|11:53:08|-10220|::1|  ::NombrePagina:: :: NombrePaginaRouter[115]:: Descripcion = 2
2020-02-07|11:53:08|-10220|::1|  ::NombrePagina:: :: CGenerales.CGenerales::obtenerUsuarios[125]:: Inicia
2020-02-07|11:53:08|-10220|::1|  ::NombrePagina:: :: CGenerales.CGenerales::obtenerUsuarios[162]:: Fin
2020-02-07|11:53:33|-10220|::1|  ::NombrePagina:: :: NombrePaginaRouter[114]:: Opcion = 13
2020-02-07|11:53:33|-10220|::1|  ::NombrePagina:: :: NombrePaginaRouter[115]:: Descripcion = 13
2020-02-07|11:53:33|-10220|::1|  ::NombrePagina:: ::CGenerales.CGenerales::eliminarTempUsuario[767]:: Inicia
2020-02-07|11:53:33|-10220|::1|  ::NombrePagina:: ::CGenerales.CGenerales::eliminarTempUsuario[788]:: Fin resultado = {"mensaje":"No existe la carpeta => ..\/..\/resources\/temp\/29","resultOper":0}
2020-02-07|11:53:34|-10220|::1|  ::NombrePagina:: :: NombrePaginaRouter[114]:: Opcion = 7
2020-02-07|11:53:34|-10220|::1|  ::NombrePagina:: :: NombrePaginaRouter[115]:: Descripcion = 7
2020-02-07|11:53:34|-10220|::1|  ::NombrePagina:: :: CGenerales.CGenerales::getNotificaciones[528]:: Inicia
2020-02-07|11:53:35|-10220|::1|  ::NombrePagina:: :: CGenerales.CGenerales::getNotificaciones[540]:: SELECT id,asunto,descripcion,imagen, cast(fecha AS time) AS hora, cast(fecha AS date) AS fechaRegistro, visto,fecha FROM notificaciones WHERE estado = 1 AND idusuario_recep = 29 ORDER BY fecha DESC
2020-02-07|11:53:35|-10220|::1|  ::NombrePagina:: :: CGenerales.CGenerales::getNotificaciones[570]:: FIN
2020-02-07|11:53:35|-10220|::1|  ::NombrePagina:: :: NombrePaginaRouter[114]:: Opcion = 2
2020-02-07|11:53:35|-10220|::1|  ::NombrePagina:: :: NombrePaginaRouter[115]:: Descripcion = 2
2020-02-07|11:53:35|-10220|::1|  ::NombrePagina:: :: CGenerales.CGenerales::obtenerUsuarios[125]:: Inicia
2020-02-07|11:53:36|-10220|::1|  ::NombrePagina:: :: CGenerales.CGenerales::obtenerUsuarios[162]:: Fin
2020-02-07|11:53:56|-10220|::1|  ::NombrePagina:: :: NombrePaginaRouter[114]:: Opcion = 13
2020-02-07|11:53:56|-10220|::1|  ::NombrePagina:: :: NombrePaginaRouter[115]:: Descripcion = 13
2020-02-07|11:53:56|-10220|::1|  ::NombrePagina:: ::CGenerales.CGenerales::eliminarTempUsuario[767]:: Inicia
2020-02-07|11:53:56|-10220|::1|  ::NombrePagina:: ::CGenerales.CGenerales::eliminarTempUsuario[788]:: Fin resultado = {"mensaje":"No existe la carpeta => ..\/..\/resources\/temp\/29","resultOper":0}
2020-02-07|11:53:58|-10220|::1|  ::NombrePagina:: :: NombrePaginaRouter[114]:: Opcion = 7
2020-02-07|11:53:58|-10220|::1|  ::NombrePagina:: :: NombrePaginaRouter[115]:: Descripcion = 7
2020-02-07|11:53:58|-10220|::1|  ::NombrePagina:: :: CGenerales.CGenerales::getNotificaciones[528]:: Inicia
2020-02-07|11:53:58|-10220|::1|  ::NombrePagina:: :: CGenerales.CGenerales::getNotificaciones[540]:: SELECT id,asunto,descripcion,imagen, cast(fecha AS time) AS hora, cast(fecha AS date) AS fechaRegistro, visto,fecha FROM notificaciones WHERE estado = 1 AND idusuario_recep = 29 ORDER BY fecha DESC
2020-02-07|11:53:58|-10220|::1|  ::NombrePagina:: :: CGenerales.CGenerales::getNotificaciones[570]:: FIN
2020-02-07|11:53:59|-10220|::1|  ::NombrePagina:: :: NombrePaginaRouter[114]:: Opcion = 2
2020-02-07|11:54:00|-10220|::1|  ::NombrePagina:: :: NombrePaginaRouter[115]:: Descripcion = 2
2020-02-07|11:54:00|-10220|::1|  ::NombrePagina:: :: CGenerales.CGenerales::obtenerUsuarios[125]:: Inicia
2020-02-07|11:54:00|-10220|::1|  ::NombrePagina:: :: CGenerales.CGenerales::obtenerUsuarios[162]:: Fin
2020-02-07|11:55:14|-10220|::1|  ::NombrePagina:: :: NombrePaginaRouter[114]:: Opcion = 13
2020-02-07|11:55:14|-10220|::1|  ::NombrePagina:: :: NombrePaginaRouter[115]:: Descripcion = 13
2020-02-07|11:55:14|-10220|::1|  ::NombrePagina:: ::CGenerales.CGenerales::eliminarTempUsuario[767]:: Inicia
2020-02-07|11:55:14|-10220|::1|  ::NombrePagina:: ::CGenerales.CGenerales::eliminarTempUsuario[788]:: Fin resultado = {"mensaje":"No existe la carpeta => ..\/..\/resources\/temp\/29","resultOper":0}
2020-02-07|11:55:16|-10220|::1|  ::NombrePagina:: :: NombrePaginaRouter[114]:: Opcion = 7
2020-02-07|11:55:16|-10220|::1|  ::NombrePagina:: :: NombrePaginaRouter[115]:: Descripcion = 7
2020-02-07|11:55:17|-10220|::1|  ::NombrePagina:: :: CGenerales.CGenerales::getNotificaciones[528]:: Inicia
2020-02-07|11:55:17|-10220|::1|  ::NombrePagina:: :: CGenerales.CGenerales::getNotificaciones[540]:: SELECT id,asunto,descripcion,imagen, cast(fecha AS time) AS hora, cast(fecha AS date) AS fechaRegistro, visto,fecha FROM notificaciones WHERE estado = 1 AND idusuario_recep = 29 ORDER BY fecha DESC
2020-02-07|11:55:17|-10220|::1|  ::NombrePagina:: :: CGenerales.CGenerales::getNotificaciones[570]:: FIN
2020-02-07|11:55:18|-10220|::1|  ::NombrePagina:: :: NombrePaginaRouter[114]:: Opcion = 2
2020-02-07|11:55:18|-10220|::1|  ::NombrePagina:: :: NombrePaginaRouter[115]:: Descripcion = 2
2020-02-07|11:55:18|-10220|::1|  ::NombrePagina:: :: CGenerales.CGenerales::obtenerUsuarios[125]:: Inicia
2020-02-07|11:55:18|-10220|::1|  ::NombrePagina:: :: CGenerales.CGenerales::obtenerUsuarios[162]:: Fin
2020-02-07|11:55:50|-10220|::1|  ::NombrePagina:: :: NombrePaginaRouter[114]:: Opcion = 13
2020-02-07|11:55:50|-10220|::1|  ::NombrePagina:: :: NombrePaginaRouter[115]:: Descripcion = 13
2020-02-07|11:55:50|-10220|::1|  ::NombrePagina:: ::CGenerales.CGenerales::eliminarTempUsuario[767]:: Inicia
2020-02-07|11:55:50|-10220|::1|  ::NombrePagina:: ::CGenerales.CGenerales::eliminarTempUsuario[788]:: Fin resultado = {"mensaje":"No existe la carpeta => ..\/..\/resources\/temp\/29","resultOper":0}
2020-02-07|11:55:52|-10220|::1|  ::NombrePagina:: :: NombrePaginaRouter[114]:: Opcion = 7
2020-02-07|11:55:52|-10220|::1|  ::NombrePagina:: :: NombrePaginaRouter[115]:: Descripcion = 7
2020-02-07|11:55:52|-10220|::1|  ::NombrePagina:: :: CGenerales.CGenerales::getNotificaciones[528]:: Inicia
2020-02-07|11:55:52|-10220|::1|  ::NombrePagina:: :: CGenerales.CGenerales::getNotificaciones[540]:: SELECT id,asunto,descripcion,imagen, cast(fecha AS time) AS hora, cast(fecha AS date) AS fechaRegistro, visto,fecha FROM notificaciones WHERE estado = 1 AND idusuario_recep = 29 ORDER BY fecha DESC
2020-02-07|11:55:52|-10220|::1|  ::NombrePagina:: :: CGenerales.CGenerales::getNotificaciones[570]:: FIN
2020-02-07|11:55:53|-10220|::1|  ::NombrePagina:: :: NombrePaginaRouter[114]:: Opcion = 2
2020-02-07|11:55:53|-10220|::1|  ::NombrePagina:: :: NombrePaginaRouter[115]:: Descripcion = 2
2020-02-07|11:55:53|-10220|::1|  ::NombrePagina:: :: CGenerales.CGenerales::obtenerUsuarios[125]:: Inicia
2020-02-07|11:55:53|-10220|::1|  ::NombrePagina:: :: CGenerales.CGenerales::obtenerUsuarios[162]:: Fin
2020-02-07|11:56:38|-10220|::1|  ::NombrePagina:: :: NombrePaginaRouter[114]:: Opcion = 13
2020-02-07|11:56:38|-10220|::1|  ::NombrePagina:: :: NombrePaginaRouter[115]:: Descripcion = 13
2020-02-07|11:56:38|-10220|::1|  ::NombrePagina:: ::CGenerales.CGenerales::eliminarTempUsuario[767]:: Inicia
2020-02-07|11:56:38|-10220|::1|  ::NombrePagina:: ::CGenerales.CGenerales::eliminarTempUsuario[788]:: Fin resultado = {"mensaje":"No existe la carpeta => ..\/..\/resources\/temp\/29","resultOper":0}
2020-02-07|11:56:40|-10220|::1|  ::NombrePagina:: :: NombrePaginaRouter[114]:: Opcion = 7
2020-02-07|11:56:40|-10220|::1|  ::NombrePagina:: :: NombrePaginaRouter[115]:: Descripcion = 7
2020-02-07|11:56:41|-10220|::1|  ::NombrePagina:: :: CGenerales.CGenerales::getNotificaciones[528]:: Inicia
2020-02-07|11:56:41|-10220|::1|  ::NombrePagina:: :: CGenerales.CGenerales::getNotificaciones[540]:: SELECT id,asunto,descripcion,imagen, cast(fecha AS time) AS hora, cast(fecha AS date) AS fechaRegistro, visto,fecha FROM notificaciones WHERE estado = 1 AND idusuario_recep = 29 ORDER BY fecha DESC
2020-02-07|11:56:41|-10220|::1|  ::NombrePagina:: :: CGenerales.CGenerales::getNotificaciones[570]:: FIN
2020-02-07|11:56:41|-10220|::1|  ::NombrePagina:: :: NombrePaginaRouter[114]:: Opcion = 2
2020-02-07|11:56:41|-10220|::1|  ::NombrePagina:: :: NombrePaginaRouter[115]:: Descripcion = 2
2020-02-07|11:56:41|-10220|::1|  ::NombrePagina:: :: CGenerales.CGenerales::obtenerUsuarios[125]:: Inicia
2020-02-07|11:56:41|-10220|::1|  ::NombrePagina:: :: CGenerales.CGenerales::obtenerUsuarios[162]:: Fin
2020-02-07|11:56:52|-10220|::1|  ::NombrePagina:: :: NombrePaginaRouter[114]:: Opcion = 13
2020-02-07|11:56:52|-10220|::1|  ::NombrePagina:: :: NombrePaginaRouter[115]:: Descripcion = 13
2020-02-07|11:56:52|-10220|::1|  ::NombrePagina:: ::CGenerales.CGenerales::eliminarTempUsuario[767]:: Inicia
2020-02-07|11:56:53|-10220|::1|  ::NombrePagina:: ::CGenerales.CGenerales::eliminarTempUsuario[788]:: Fin resultado = {"mensaje":"No existe la carpeta => ..\/..\/resources\/temp\/29","resultOper":0}
2020-02-07|11:56:55|-10220|::1|  ::NombrePagina:: :: NombrePaginaRouter[114]:: Opcion = 7
2020-02-07|11:56:55|-10220|::1|  ::NombrePagina:: :: NombrePaginaRouter[115]:: Descripcion = 7
2020-02-07|11:56:55|-10220|::1|  ::NombrePagina:: :: CGenerales.CGenerales::getNotificaciones[528]:: Inicia
2020-02-07|11:56:55|-10220|::1|  ::NombrePagina:: :: CGenerales.CGenerales::getNotificaciones[540]:: SELECT id,asunto,descripcion,imagen, cast(fecha AS time) AS hora, cast(fecha AS date) AS fechaRegistro, visto,fecha FROM notificaciones WHERE estado = 1 AND idusuario_recep = 29 ORDER BY fecha DESC
2020-02-07|11:56:55|-10220|::1|  ::NombrePagina:: :: CGenerales.CGenerales::getNotificaciones[570]:: FIN
2020-02-07|11:56:56|-10220|::1|  ::NombrePagina:: :: NombrePaginaRouter[114]:: Opcion = 2
2020-02-07|11:56:57|-10220|::1|  ::NombrePagina:: :: NombrePaginaRouter[115]:: Descripcion = 2
2020-02-07|11:56:57|-10220|::1|  ::NombrePagina:: :: CGenerales.CGenerales::obtenerUsuarios[125]:: Inicia
2020-02-07|11:56:57|-10220|::1|  ::NombrePagina:: :: CGenerales.CGenerales::obtenerUsuarios[162]:: Fin
2020-02-07|11:58:25|-10220|::1|  ::NombrePagina:: :: NombrePaginaRouter[114]:: Opcion = 13
2020-02-07|11:58:25|-10220|::1|  ::NombrePagina:: :: NombrePaginaRouter[115]:: Descripcion = 13
2020-02-07|11:58:25|-10220|::1|  ::NombrePagina:: ::CGenerales.CGenerales::eliminarTempUsuario[767]:: Inicia
2020-02-07|11:58:25|-10220|::1|  ::NombrePagina:: ::CGenerales.CGenerales::eliminarTempUsuario[788]:: Fin resultado = {"mensaje":"No existe la carpeta => ..\/..\/resources\/temp\/29","resultOper":0}
2020-02-07|11:58:27|-10220|::1|  ::NombrePagina:: :: NombrePaginaRouter[114]:: Opcion = 7
2020-02-07|11:58:27|-10220|::1|  ::NombrePagina:: :: NombrePaginaRouter[115]:: Descripcion = 7
2020-02-07|11:58:27|-10220|::1|  ::NombrePagina:: :: CGenerales.CGenerales::getNotificaciones[528]:: Inicia
2020-02-07|11:58:27|-10220|::1|  ::NombrePagina:: :: CGenerales.CGenerales::getNotificaciones[540]:: SELECT id,asunto,descripcion,imagen, cast(fecha AS time) AS hora, cast(fecha AS date) AS fechaRegistro, visto,fecha FROM notificaciones WHERE estado = 1 AND idusuario_recep = 29 ORDER BY fecha DESC
2020-02-07|11:58:28|-10220|::1|  ::NombrePagina:: :: CGenerales.CGenerales::getNotificaciones[570]:: FIN
2020-02-07|11:58:29|-10220|::1|  ::NombrePagina:: :: NombrePaginaRouter[114]:: Opcion = 2
2020-02-07|11:58:29|-10220|::1|  ::NombrePagina:: :: NombrePaginaRouter[115]:: Descripcion = 2
2020-02-07|11:58:29|-10220|::1|  ::NombrePagina:: :: CGenerales.CGenerales::obtenerUsuarios[125]:: Inicia
2020-02-07|11:58:29|-10220|::1|  ::NombrePagina:: :: CGenerales.CGenerales::obtenerUsuarios[162]:: Fin
2020-02-07|11:59:36|-10220|::1|  ::NombrePagina:: :: NombrePaginaRouter[114]:: Opcion = 13
2020-02-07|11:59:36|-10220|::1|  ::NombrePagina:: :: NombrePaginaRouter[115]:: Descripcion = 13
2020-02-07|11:59:36|-10220|::1|  ::NombrePagina:: ::CGenerales.CGenerales::eliminarTempUsuario[767]:: Inicia
2020-02-07|11:59:36|-10220|::1|  ::NombrePagina:: ::CGenerales.CGenerales::eliminarTempUsuario[788]:: Fin resultado = {"mensaje":"No existe la carpeta => ..\/..\/resources\/temp\/29","resultOper":0}
2020-02-07|11:59:38|-10220|::1|  ::NombrePagina:: :: NombrePaginaRouter[114]:: Opcion = 7
2020-02-07|11:59:39|-10220|::1|  ::NombrePagina:: :: NombrePaginaRouter[115]:: Descripcion = 7
2020-02-07|11:59:39|-10220|::1|  ::NombrePagina:: :: CGenerales.CGenerales::getNotificaciones[528]:: Inicia
2020-02-07|11:59:39|-10220|::1|  ::NombrePagina:: :: CGenerales.CGenerales::getNotificaciones[540]:: SELECT id,asunto,descripcion,imagen, cast(fecha AS time) AS hora, cast(fecha AS date) AS fechaRegistro, visto,fecha FROM notificaciones WHERE estado = 1 AND idusuario_recep = 29 ORDER BY fecha DESC
2020-02-07|11:59:39|-10220|::1|  ::NombrePagina:: :: CGenerales.CGenerales::getNotificaciones[570]:: FIN
2020-02-07|11:59:39|-10220|::1|  ::NombrePagina:: :: NombrePaginaRouter[114]:: Opcion = 2
2020-02-07|11:59:39|-10220|::1|  ::NombrePagina:: :: NombrePaginaRouter[115]:: Descripcion = 2
2020-02-07|11:59:40|-10220|::1|  ::NombrePagina:: :: CGenerales.CGenerales::obtenerUsuarios[125]:: Inicia
2020-02-07|11:59:40|-10220|::1|  ::NombrePagina:: :: CGenerales.CGenerales::obtenerUsuarios[162]:: Fin
2020-02-07|12:00:25|-10220|::1|  ::NombrePagina:: :: NombrePaginaRouter[114]:: Opcion = 13
2020-02-07|12:00:25|-10220|::1|  ::NombrePagina:: :: NombrePaginaRouter[115]:: Descripcion = 13
2020-02-07|12:00:25|-10220|::1|  ::NombrePagina:: ::CGenerales.CGenerales::eliminarTempUsuario[767]:: Inicia
2020-02-07|12:00:25|-10220|::1|  ::NombrePagina:: ::CGenerales.CGenerales::eliminarTempUsuario[788]:: Fin resultado = {"mensaje":"No existe la carpeta => ..\/..\/resources\/temp\/29","resultOper":0}
2020-02-07|12:00:27|-10220|::1|  ::NombrePagina:: :: NombrePaginaRouter[114]:: Opcion = 7
2020-02-07|12:00:27|-10220|::1|  ::NombrePagina:: :: NombrePaginaRouter[115]:: Descripcion = 7
2020-02-07|12:00:27|-10220|::1|  ::NombrePagina:: :: CGenerales.CGenerales::getNotificaciones[528]:: Inicia
2020-02-07|12:00:27|-10220|::1|  ::NombrePagina:: :: CGenerales.CGenerales::getNotificaciones[540]:: SELECT id,asunto,descripcion,imagen, cast(fecha AS time) AS hora, cast(fecha AS date) AS fechaRegistro, visto,fecha FROM notificaciones WHERE estado = 1 AND idusuario_recep = 29 ORDER BY fecha DESC
2020-02-07|12:00:27|-10220|::1|  ::NombrePagina:: :: CGenerales.CGenerales::getNotificaciones[570]:: FIN
2020-02-07|12:00:29|-10220|::1|  ::NombrePagina:: :: NombrePaginaRouter[114]:: Opcion = 2
2020-02-07|12:00:29|-10220|::1|  ::NombrePagina:: :: NombrePaginaRouter[115]:: Descripcion = 2
2020-02-07|12:00:29|-10220|::1|  ::NombrePagina:: :: CGenerales.CGenerales::obtenerUsuarios[125]:: Inicia
2020-02-07|12:00:29|-10220|::1|  ::NombrePagina:: :: CGenerales.CGenerales::obtenerUsuarios[162]:: Fin
2020-02-07|12:01:08|-10220|::1|  ::NombrePagina:: :: NombrePaginaRouter[114]:: Opcion = 13
2020-02-07|12:01:08|-10220|::1|  ::NombrePagina:: :: NombrePaginaRouter[115]:: Descripcion = 13
2020-02-07|12:01:08|-10220|::1|  ::NombrePagina:: ::CGenerales.CGenerales::eliminarTempUsuario[767]:: Inicia
2020-02-07|12:01:09|-10220|::1|  ::NombrePagina:: ::CGenerales.CGenerales::eliminarTempUsuario[788]:: Fin resultado = {"mensaje":"No existe la carpeta => ..\/..\/resources\/temp\/29","resultOper":0}
2020-02-07|12:01:11|-10220|::1|  ::NombrePagina:: :: NombrePaginaRouter[114]:: Opcion = 7
2020-02-07|12:01:11|-10220|::1|  ::NombrePagina:: :: NombrePaginaRouter[115]:: Descripcion = 7
2020-02-07|12:01:11|-10220|::1|  ::NombrePagina:: :: CGenerales.CGenerales::getNotificaciones[528]:: Inicia
2020-02-07|12:01:11|-10220|::1|  ::NombrePagina:: :: CGenerales.CGenerales::getNotificaciones[540]:: SELECT id,asunto,descripcion,imagen, cast(fecha AS time) AS hora, cast(fecha AS date) AS fechaRegistro, visto,fecha FROM notificaciones WHERE estado = 1 AND idusuario_recep = 29 ORDER BY fecha DESC
2020-02-07|12:01:11|-10220|::1|  ::NombrePagina:: :: CGenerales.CGenerales::getNotificaciones[570]:: FIN
2020-02-07|12:01:12|-10220|::1|  ::NombrePagina:: :: NombrePaginaRouter[114]:: Opcion = 2
2020-02-07|12:01:12|-10220|::1|  ::NombrePagina:: :: NombrePaginaRouter[115]:: Descripcion = 2
2020-02-07|12:01:12|-10220|::1|  ::NombrePagina:: :: CGenerales.CGenerales::obtenerUsuarios[125]:: Inicia
2020-02-07|12:01:12|-10220|::1|  ::NombrePagina:: :: CGenerales.CGenerales::obtenerUsuarios[162]:: Fin
2020-02-07|12:04:30|-10220|::1|  ::NombrePagina:: :: NombrePaginaRouter[114]:: Opcion = 13
2020-02-07|12:04:30|-10220|::1|  ::NombrePagina:: :: NombrePaginaRouter[115]:: Descripcion = 13
2020-02-07|12:04:30|-10220|::1|  ::NombrePagina:: ::CGenerales.CGenerales::eliminarTempUsuario[767]:: Inicia
2020-02-07|12:04:30|-10220|::1|  ::NombrePagina:: ::CGenerales.CGenerales::eliminarTempUsuario[788]:: Fin resultado = {"mensaje":"No existe la carpeta => ..\/..\/resources\/temp\/29","resultOper":0}
2020-02-07|12:04:32|-10220|::1|  ::NombrePagina:: :: NombrePaginaRouter[114]:: Opcion = 7
2020-02-07|12:04:32|-10220|::1|  ::NombrePagina:: :: NombrePaginaRouter[115]:: Descripcion = 7
2020-02-07|12:04:33|-10220|::1|  ::NombrePagina:: :: CGenerales.CGenerales::getNotificaciones[528]:: Inicia
2020-02-07|12:04:33|-10220|::1|  ::NombrePagina:: :: CGenerales.CGenerales::getNotificaciones[540]:: SELECT id,asunto,descripcion,imagen, cast(fecha AS time) AS hora, cast(fecha AS date) AS fechaRegistro, visto,fecha FROM notificaciones WHERE estado = 1 AND idusuario_recep = 29 ORDER BY fecha DESC
2020-02-07|12:04:33|-10220|::1|  ::NombrePagina:: :: CGenerales.CGenerales::getNotificaciones[570]:: FIN
2020-02-07|12:04:33|-10220|::1|  ::NombrePagina:: :: NombrePaginaRouter[114]:: Opcion = 2
2020-02-07|12:04:33|-10220|::1|  ::NombrePagina:: :: NombrePaginaRouter[115]:: Descripcion = 2
2020-02-07|12:04:33|-10220|::1|  ::NombrePagina:: :: CGenerales.CGenerales::obtenerUsuarios[125]:: Inicia
2020-02-07|12:04:33|-10220|::1|  ::NombrePagina:: :: CGenerales.CGenerales::obtenerUsuarios[162]:: Fin
2020-02-07|12:06:19|-10220|::1|  ::NombrePagina:: :: NombrePaginaRouter[114]:: Opcion = 13
2020-02-07|12:06:19|-10220|::1|  ::NombrePagina:: :: NombrePaginaRouter[115]:: Descripcion = 13
2020-02-07|12:06:19|-10220|::1|  ::NombrePagina:: ::CGenerales.CGenerales::eliminarTempUsuario[767]:: Inicia
2020-02-07|12:06:19|-10220|::1|  ::NombrePagina:: ::CGenerales.CGenerales::eliminarTempUsuario[788]:: Fin resultado = {"mensaje":"No existe la carpeta => ..\/..\/resources\/temp\/29","resultOper":0}
2020-02-07|12:06:21|-10220|::1|  ::NombrePagina:: :: NombrePaginaRouter[114]:: Opcion = 7
2020-02-07|12:06:21|-10220|::1|  ::NombrePagina:: :: NombrePaginaRouter[115]:: Descripcion = 7
2020-02-07|12:06:21|-10220|::1|  ::NombrePagina:: :: CGenerales.CGenerales::getNotificaciones[528]:: Inicia
2020-02-07|12:06:21|-10220|::1|  ::NombrePagina:: :: CGenerales.CGenerales::getNotificaciones[540]:: SELECT id,asunto,descripcion,imagen, cast(fecha AS time) AS hora, cast(fecha AS date) AS fechaRegistro, visto,fecha FROM notificaciones WHERE estado = 1 AND idusuario_recep = 29 ORDER BY fecha DESC
2020-02-07|12:06:21|-10220|::1|  ::NombrePagina:: :: CGenerales.CGenerales::getNotificaciones[570]:: FIN
2020-02-07|12:06:22|-10220|::1|  ::NombrePagina:: :: NombrePaginaRouter[114]:: Opcion = 2
2020-02-07|12:06:22|-10220|::1|  ::NombrePagina:: :: NombrePaginaRouter[115]:: Descripcion = 2
2020-02-07|12:06:22|-10220|::1|  ::NombrePagina:: :: CGenerales.CGenerales::obtenerUsuarios[125]:: Inicia
2020-02-07|12:06:22|-10220|::1|  ::NombrePagina:: :: CGenerales.CGenerales::obtenerUsuarios[162]:: Fin
2020-02-07|12:06:50|-10220|::1|  ::NombrePagina:: :: NombrePaginaRouter[114]:: Opcion = 13
2020-02-07|12:06:51|-10220|::1|  ::NombrePagina:: :: NombrePaginaRouter[115]:: Descripcion = 13
2020-02-07|12:06:51|-10220|::1|  ::NombrePagina:: ::CGenerales.CGenerales::eliminarTempUsuario[767]:: Inicia
2020-02-07|12:06:51|-10220|::1|  ::NombrePagina:: ::CGenerales.CGenerales::eliminarTempUsuario[788]:: Fin resultado = {"mensaje":"No existe la carpeta => ..\/..\/resources\/temp\/29","resultOper":0}
2020-02-07|12:06:53|-10220|::1|  ::NombrePagina:: :: NombrePaginaRouter[114]:: Opcion = 7
2020-02-07|12:06:53|-10220|::1|  ::NombrePagina:: :: NombrePaginaRouter[115]:: Descripcion = 7
2020-02-07|12:06:53|-10220|::1|  ::NombrePagina:: :: CGenerales.CGenerales::getNotificaciones[528]:: Inicia
2020-02-07|12:06:53|-10220|::1|  ::NombrePagina:: :: CGenerales.CGenerales::getNotificaciones[540]:: SELECT id,asunto,descripcion,imagen, cast(fecha AS time) AS hora, cast(fecha AS date) AS fechaRegistro, visto,fecha FROM notificaciones WHERE estado = 1 AND idusuario_recep = 29 ORDER BY fecha DESC
2020-02-07|12:06:53|-10220|::1|  ::NombrePagina:: :: CGenerales.CGenerales::getNotificaciones[570]:: FIN
2020-02-07|12:06:53|-10220|::1|  ::NombrePagina:: :: NombrePaginaRouter[114]:: Opcion = 2
2020-02-07|12:06:53|-10220|::1|  ::NombrePagina:: :: NombrePaginaRouter[115]:: Descripcion = 2
2020-02-07|12:06:53|-10220|::1|  ::NombrePagina:: :: CGenerales.CGenerales::obtenerUsuarios[125]:: Inicia
2020-02-07|12:06:53|-10220|::1|  ::NombrePagina:: :: CGenerales.CGenerales::obtenerUsuarios[162]:: Fin
2020-02-07|12:08:24|-10220|::1|  ::NombrePagina:: :: NombrePaginaRouter[114]:: Opcion = 13
2020-02-07|12:08:25|-10220|::1|  ::NombrePagina:: :: NombrePaginaRouter[115]:: Descripcion = 13
2020-02-07|12:08:25|-10220|::1|  ::NombrePagina:: ::CGenerales.CGenerales::eliminarTempUsuario[767]:: Inicia
2020-02-07|12:08:25|-10220|::1|  ::NombrePagina:: ::CGenerales.CGenerales::eliminarTempUsuario[788]:: Fin resultado = {"mensaje":"No existe la carpeta => ..\/..\/resources\/temp\/29","resultOper":0}
2020-02-07|12:08:27|-10220|::1|  ::NombrePagina:: :: NombrePaginaRouter[114]:: Opcion = 7
2020-02-07|12:08:27|-10220|::1|  ::NombrePagina:: :: NombrePaginaRouter[115]:: Descripcion = 7
2020-02-07|12:08:27|-10220|::1|  ::NombrePagina:: :: CGenerales.CGenerales::getNotificaciones[528]:: Inicia
2020-02-07|12:08:27|-10220|::1|  ::NombrePagina:: :: CGenerales.CGenerales::getNotificaciones[540]:: SELECT id,asunto,descripcion,imagen, cast(fecha AS time) AS hora, cast(fecha AS date) AS fechaRegistro, visto,fecha FROM notificaciones WHERE estado = 1 AND idusuario_recep = 29 ORDER BY fecha DESC
2020-02-07|12:08:27|-10220|::1|  ::NombrePagina:: :: CGenerales.CGenerales::getNotificaciones[570]:: FIN
2020-02-07|12:08:27|-10220|::1|  ::NombrePagina:: :: NombrePaginaRouter[114]:: Opcion = 2
2020-02-07|12:08:27|-10220|::1|  ::NombrePagina:: :: NombrePaginaRouter[115]:: Descripcion = 2
2020-02-07|12:08:28|-10220|::1|  ::NombrePagina:: :: CGenerales.CGenerales::obtenerUsuarios[125]:: Inicia
2020-02-07|12:08:28|-10220|::1|  ::NombrePagina:: :: CGenerales.CGenerales::obtenerUsuarios[162]:: Fin
2020-02-07|12:09:18|-10220|::1|  ::NombrePagina:: :: NombrePaginaRouter[114]:: Opcion = 13
2020-02-07|12:09:18|-10220|::1|  ::NombrePagina:: :: NombrePaginaRouter[115]:: Descripcion = 13
2020-02-07|12:09:18|-10220|::1|  ::NombrePagina:: ::CGenerales.CGenerales::eliminarTempUsuario[767]:: Inicia
2020-02-07|12:09:18|-10220|::1|  ::NombrePagina:: ::CGenerales.CGenerales::eliminarTempUsuario[788]:: Fin resultado = {"mensaje":"No existe la carpeta => ..\/..\/resources\/temp\/29","resultOper":0}
2020-02-07|12:09:20|-10220|::1|  ::NombrePagina:: :: NombrePaginaRouter[114]:: Opcion = 7
2020-02-07|12:09:20|-10220|::1|  ::NombrePagina:: :: NombrePaginaRouter[115]:: Descripcion = 7
2020-02-07|12:09:20|-10220|::1|  ::NombrePagina:: :: CGenerales.CGenerales::getNotificaciones[528]:: Inicia
2020-02-07|12:09:21|-10220|::1|  ::NombrePagina:: :: CGenerales.CGenerales::getNotificaciones[540]:: SELECT id,asunto,descripcion,imagen, cast(fecha AS time) AS hora, cast(fecha AS date) AS fechaRegistro, visto,fecha FROM notificaciones WHERE estado = 1 AND idusuario_recep = 29 ORDER BY fecha DESC
2020-02-07|12:09:21|-10220|::1|  ::NombrePagina:: :: CGenerales.CGenerales::getNotificaciones[570]:: FIN
2020-02-07|12:09:21|-10220|::1|  ::NombrePagina:: :: NombrePaginaRouter[114]:: Opcion = 2
2020-02-07|12:09:21|-10220|::1|  ::NombrePagina:: :: NombrePaginaRouter[115]:: Descripcion = 2
2020-02-07|12:09:21|-10220|::1|  ::NombrePagina:: :: CGenerales.CGenerales::obtenerUsuarios[125]:: Inicia
2020-02-07|12:09:21|-10220|::1|  ::NombrePagina:: :: CGenerales.CGenerales::obtenerUsuarios[162]:: Fin
2020-02-07|12:10:03|-10220|::1|  ::NombrePagina:: :: NombrePaginaRouter[114]:: Opcion = 13
2020-02-07|12:10:03|-10220|::1|  ::NombrePagina:: :: NombrePaginaRouter[115]:: Descripcion = 13
2020-02-07|12:10:03|-10220|::1|  ::NombrePagina:: ::CGenerales.CGenerales::eliminarTempUsuario[767]:: Inicia
2020-02-07|12:10:03|-10220|::1|  ::NombrePagina:: ::CGenerales.CGenerales::eliminarTempUsuario[788]:: Fin resultado = {"mensaje":"No existe la carpeta => ..\/..\/resources\/temp\/29","resultOper":0}
2020-02-07|12:10:05|-10220|::1|  ::NombrePagina:: :: NombrePaginaRouter[114]:: Opcion = 7
2020-02-07|12:10:05|-10220|::1|  ::NombrePagina:: :: NombrePaginaRouter[115]:: Descripcion = 7
2020-02-07|12:10:05|-10220|::1|  ::NombrePagina:: :: CGenerales.CGenerales::getNotificaciones[528]:: Inicia
2020-02-07|12:10:05|-10220|::1|  ::NombrePagina:: :: CGenerales.CGenerales::getNotificaciones[540]:: SELECT id,asunto,descripcion,imagen, cast(fecha AS time) AS hora, cast(fecha AS date) AS fechaRegistro, visto,fecha FROM notificaciones WHERE estado = 1 AND idusuario_recep = 29 ORDER BY fecha DESC
2020-02-07|12:10:05|-10220|::1|  ::NombrePagina:: :: CGenerales.CGenerales::getNotificaciones[570]:: FIN
2020-02-07|12:10:06|-10220|::1|  ::NombrePagina:: :: NombrePaginaRouter[114]:: Opcion = 2
2020-02-07|12:10:06|-10220|::1|  ::NombrePagina:: :: NombrePaginaRouter[115]:: Descripcion = 2
2020-02-07|12:10:06|-10220|::1|  ::NombrePagina:: :: CGenerales.CGenerales::obtenerUsuarios[125]:: Inicia
2020-02-07|12:10:06|-10220|::1|  ::NombrePagina:: :: CGenerales.CGenerales::obtenerUsuarios[162]:: Fin
2020-02-07|12:11:10|-10220|::1|  ::NombrePagina:: :: NombrePaginaRouter[114]:: Opcion = 13
2020-02-07|12:11:11|-10220|::1|  ::NombrePagina:: :: NombrePaginaRouter[115]:: Descripcion = 13
2020-02-07|12:11:11|-10220|::1|  ::NombrePagina:: ::CGenerales.CGenerales::eliminarTempUsuario[767]:: Inicia
2020-02-07|12:11:11|-10220|::1|  ::NombrePagina:: ::CGenerales.CGenerales::eliminarTempUsuario[788]:: Fin resultado = {"mensaje":"No existe la carpeta => ..\/..\/resources\/temp\/29","resultOper":0}
2020-02-07|12:11:13|-10220|::1|  ::NombrePagina:: :: NombrePaginaRouter[114]:: Opcion = 7
2020-02-07|12:11:13|-10220|::1|  ::NombrePagina:: :: NombrePaginaRouter[115]:: Descripcion = 7
2020-02-07|12:11:13|-10220|::1|  ::NombrePagina:: :: CGenerales.CGenerales::getNotificaciones[528]:: Inicia
2020-02-07|12:11:13|-10220|::1|  ::NombrePagina:: :: CGenerales.CGenerales::getNotificaciones[540]:: SELECT id,asunto,descripcion,imagen, cast(fecha AS time) AS hora, cast(fecha AS date) AS fechaRegistro, visto,fecha FROM notificaciones WHERE estado = 1 AND idusuario_recep = 29 ORDER BY fecha DESC
2020-02-07|12:11:13|-10220|::1|  ::NombrePagina:: :: CGenerales.CGenerales::getNotificaciones[570]:: FIN
2020-02-07|12:11:14|-10220|::1|  ::NombrePagina:: :: NombrePaginaRouter[114]:: Opcion = 2
2020-02-07|12:11:14|-10220|::1|  ::NombrePagina:: :: NombrePaginaRouter[115]:: Descripcion = 2
2020-02-07|12:11:14|-10220|::1|  ::NombrePagina:: :: CGenerales.CGenerales::obtenerUsuarios[125]:: Inicia
2020-02-07|12:11:14|-10220|::1|  ::NombrePagina:: :: CGenerales.CGenerales::obtenerUsuarios[162]:: Fin
2020-02-07|12:13:30|-10220|::1|  ::NombrePagina:: :: NombrePaginaRouter[114]:: Opcion = 13
2020-02-07|12:13:30|-10220|::1|  ::NombrePagina:: :: NombrePaginaRouter[115]:: Descripcion = 13
2020-02-07|12:13:30|-10220|::1|  ::NombrePagina:: ::CGenerales.CGenerales::eliminarTempUsuario[767]:: Inicia
2020-02-07|12:13:30|-10220|::1|  ::NombrePagina:: ::CGenerales.CGenerales::eliminarTempUsuario[788]:: Fin resultado = {"mensaje":"No existe la carpeta => ..\/..\/resources\/temp\/29","resultOper":0}
2020-02-07|12:13:32|-10220|::1|  ::NombrePagina:: :: NombrePaginaRouter[114]:: Opcion = 7
2020-02-07|12:13:32|-10220|::1|  ::NombrePagina:: :: NombrePaginaRouter[115]:: Descripcion = 7
2020-02-07|12:13:32|-10220|::1|  ::NombrePagina:: :: CGenerales.CGenerales::getNotificaciones[528]:: Inicia
2020-02-07|12:13:32|-10220|::1|  ::NombrePagina:: :: CGenerales.CGenerales::getNotificaciones[540]:: SELECT id,asunto,descripcion,imagen, cast(fecha AS time) AS hora, cast(fecha AS date) AS fechaRegistro, visto,fecha FROM notificaciones WHERE estado = 1 AND idusuario_recep = 29 ORDER BY fecha DESC
2020-02-07|12:13:32|-10220|::1|  ::NombrePagina:: :: CGenerales.CGenerales::getNotificaciones[570]:: FIN
2020-02-07|12:13:33|-10220|::1|  ::NombrePagina:: :: NombrePaginaRouter[114]:: Opcion = 2
2020-02-07|12:13:33|-10220|::1|  ::NombrePagina:: :: NombrePaginaRouter[115]:: Descripcion = 2
2020-02-07|12:13:33|-10220|::1|  ::NombrePagina:: :: CGenerales.CGenerales::obtenerUsuarios[125]:: Inicia
2020-02-07|12:13:33|-10220|::1|  ::NombrePagina:: :: CGenerales.CGenerales::obtenerUsuarios[162]:: Fin
2020-02-07|12:15:50|-10220|::1|  ::NombrePagina:: :: NombrePaginaRouter[114]:: Opcion = 13
2020-02-07|12:15:50|-10220|::1|  ::NombrePagina:: :: NombrePaginaRouter[115]:: Descripcion = 13
2020-02-07|12:15:50|-10220|::1|  ::NombrePagina:: ::CGenerales.CGenerales::eliminarTempUsuario[767]:: Inicia
2020-02-07|12:15:50|-10220|::1|  ::NombrePagina:: ::CGenerales.CGenerales::eliminarTempUsuario[788]:: Fin resultado = {"mensaje":"No existe la carpeta => ..\/..\/resources\/temp\/29","resultOper":0}
2020-02-07|12:15:52|-10220|::1|  ::NombrePagina:: :: NombrePaginaRouter[114]:: Opcion = 7
2020-02-07|12:15:52|-10220|::1|  ::NombrePagina:: :: NombrePaginaRouter[115]:: Descripcion = 7
2020-02-07|12:15:52|-10220|::1|  ::NombrePagina:: :: CGenerales.CGenerales::getNotificaciones[528]:: Inicia
2020-02-07|12:15:52|-10220|::1|  ::NombrePagina:: :: CGenerales.CGenerales::getNotificaciones[540]:: SELECT id,asunto,descripcion,imagen, cast(fecha AS time) AS hora, cast(fecha AS date) AS fechaRegistro, visto,fecha FROM notificaciones WHERE estado = 1 AND idusuario_recep = 29 ORDER BY fecha DESC
2020-02-07|12:15:52|-10220|::1|  ::NombrePagina:: :: CGenerales.CGenerales::getNotificaciones[570]:: FIN
2020-02-07|12:15:53|-10220|::1|  ::NombrePagina:: :: NombrePaginaRouter[114]:: Opcion = 2
2020-02-07|12:15:54|-10220|::1|  ::NombrePagina:: :: NombrePaginaRouter[115]:: Descripcion = 2
2020-02-07|12:15:54|-10220|::1|  ::NombrePagina:: :: CGenerales.CGenerales::obtenerUsuarios[125]:: Inicia
2020-02-07|12:15:54|-10220|::1|  ::NombrePagina:: :: CGenerales.CGenerales::obtenerUsuarios[162]:: Fin
2020-02-07|12:17:56|-10220|::1|  ::NombrePagina:: :: NombrePaginaRouter[114]:: Opcion = 13
2020-02-07|12:17:56|-10220|::1|  ::NombrePagina:: :: NombrePaginaRouter[115]:: Descripcion = 13
2020-02-07|12:17:56|-10220|::1|  ::NombrePagina:: ::CGenerales.CGenerales::eliminarTempUsuario[767]:: Inicia
2020-02-07|12:17:56|-10220|::1|  ::NombrePagina:: ::CGenerales.CGenerales::eliminarTempUsuario[788]:: Fin resultado = {"mensaje":"No existe la carpeta => ..\/..\/resources\/temp\/29","resultOper":0}
2020-02-07|12:17:58|-10220|::1|  ::NombrePagina:: :: NombrePaginaRouter[114]:: Opcion = 7
2020-02-07|12:17:58|-10220|::1|  ::NombrePagina:: :: NombrePaginaRouter[115]:: Descripcion = 7
2020-02-07|12:17:58|-10220|::1|  ::NombrePagina:: :: CGenerales.CGenerales::getNotificaciones[528]:: Inicia
2020-02-07|12:17:58|-10220|::1|  ::NombrePagina:: :: CGenerales.CGenerales::getNotificaciones[540]:: SELECT id,asunto,descripcion,imagen, cast(fecha AS time) AS hora, cast(fecha AS date) AS fechaRegistro, visto,fecha FROM notificaciones WHERE estado = 1 AND idusuario_recep = 29 ORDER BY fecha DESC
2020-02-07|12:17:58|-10220|::1|  ::NombrePagina:: :: CGenerales.CGenerales::getNotificaciones[570]:: FIN
2020-02-07|12:17:59|-10220|::1|  ::NombrePagina:: :: NombrePaginaRouter[114]:: Opcion = 2
2020-02-07|12:17:59|-10220|::1|  ::NombrePagina:: :: NombrePaginaRouter[115]:: Descripcion = 2
2020-02-07|12:17:59|-10220|::1|  ::NombrePagina:: :: CGenerales.CGenerales::obtenerUsuarios[125]:: Inicia
2020-02-07|12:17:59|-10220|::1|  ::NombrePagina:: :: CGenerales.CGenerales::obtenerUsuarios[162]:: Fin
2020-02-07|12:18:23|-10220|::1|  ::NombrePagina:: :: NombrePaginaRouter[114]:: Opcion = 13
2020-02-07|12:18:24|-10220|::1|  ::NombrePagina:: :: NombrePaginaRouter[115]:: Descripcion = 13
2020-02-07|12:18:24|-10220|::1|  ::NombrePagina:: ::CGenerales.CGenerales::eliminarTempUsuario[767]:: Inicia
2020-02-07|12:18:24|-10220|::1|  ::NombrePagina:: ::CGenerales.CGenerales::eliminarTempUsuario[788]:: Fin resultado = {"mensaje":"No existe la carpeta => ..\/..\/resources\/temp\/29","resultOper":0}
2020-02-07|12:18:26|-10220|::1|  ::NombrePagina:: :: NombrePaginaRouter[114]:: Opcion = 7
2020-02-07|12:18:26|-10220|::1|  ::NombrePagina:: :: NombrePaginaRouter[115]:: Descripcion = 7
2020-02-07|12:18:26|-10220|::1|  ::NombrePagina:: :: CGenerales.CGenerales::getNotificaciones[528]:: Inicia
2020-02-07|12:18:27|-10220|::1|  ::NombrePagina:: :: CGenerales.CGenerales::getNotificaciones[540]:: SELECT id,asunto,descripcion,imagen, cast(fecha AS time) AS hora, cast(fecha AS date) AS fechaRegistro, visto,fecha FROM notificaciones WHERE estado = 1 AND idusuario_recep = 29 ORDER BY fecha DESC
2020-02-07|12:18:27|-10220|::1|  ::NombrePagina:: :: CGenerales.CGenerales::getNotificaciones[570]:: FIN
2020-02-07|12:18:29|-10220|::1|  ::NombrePagina:: :: NombrePaginaRouter[114]:: Opcion = 2
2020-02-07|12:18:29|-10220|::1|  ::NombrePagina:: :: NombrePaginaRouter[115]:: Descripcion = 2
2020-02-07|12:18:29|-10220|::1|  ::NombrePagina:: :: CGenerales.CGenerales::obtenerUsuarios[125]:: Inicia
2020-02-07|12:18:29|-10220|::1|  ::NombrePagina:: :: CGenerales.CGenerales::obtenerUsuarios[162]:: Fin
2020-02-07|12:23:20|-10220|::1|  ::NombrePagina:: :: NombrePaginaRouter[114]:: Opcion = 13
2020-02-07|12:23:20|-10220|::1|  ::NombrePagina:: :: NombrePaginaRouter[115]:: Descripcion = 13
2020-02-07|12:23:20|-10220|::1|  ::NombrePagina:: ::CGenerales.CGenerales::eliminarTempUsuario[767]:: Inicia
2020-02-07|12:23:20|-10220|::1|  ::NombrePagina:: ::CGenerales.CGenerales::eliminarTempUsuario[788]:: Fin resultado = {"mensaje":"No existe la carpeta => ..\/..\/resources\/temp\/29","resultOper":0}
2020-02-07|12:23:22|-10220|::1|  ::NombrePagina:: :: NombrePaginaRouter[114]:: Opcion = 7
2020-02-07|12:23:22|-10220|::1|  ::NombrePagina:: :: NombrePaginaRouter[115]:: Descripcion = 7
2020-02-07|12:23:22|-10220|::1|  ::NombrePagina:: :: CGenerales.CGenerales::getNotificaciones[528]:: Inicia
2020-02-07|12:23:22|-10220|::1|  ::NombrePagina:: :: CGenerales.CGenerales::getNotificaciones[540]:: SELECT id,asunto,descripcion,imagen, cast(fecha AS time) AS hora, cast(fecha AS date) AS fechaRegistro, visto,fecha FROM notificaciones WHERE estado = 1 AND idusuario_recep = 29 ORDER BY fecha DESC
2020-02-07|12:23:22|-10220|::1|  ::NombrePagina:: :: CGenerales.CGenerales::getNotificaciones[570]:: FIN
2020-02-07|12:23:23|-10220|::1|  ::NombrePagina:: :: NombrePaginaRouter[114]:: Opcion = 2
2020-02-07|12:23:23|-10220|::1|  ::NombrePagina:: :: NombrePaginaRouter[115]:: Descripcion = 2
2020-02-07|12:23:23|-10220|::1|  ::NombrePagina:: :: CGenerales.CGenerales::obtenerUsuarios[125]:: Inicia
2020-02-07|12:23:23|-10220|::1|  ::NombrePagina:: :: CGenerales.CGenerales::obtenerUsuarios[162]:: Fin
2020-02-07|12:24:02|-10220|::1|  ::NombrePagina:: :: NombrePaginaRouter[114]:: Opcion = 13
2020-02-07|12:24:02|-10220|::1|  ::NombrePagina:: :: NombrePaginaRouter[115]:: Descripcion = 13
2020-02-07|12:24:02|-10220|::1|  ::NombrePagina:: ::CGenerales.CGenerales::eliminarTempUsuario[767]:: Inicia
2020-02-07|12:24:02|-10220|::1|  ::NombrePagina:: ::CGenerales.CGenerales::eliminarTempUsuario[788]:: Fin resultado = {"mensaje":"No existe la carpeta => ..\/..\/resources\/temp\/29","resultOper":0}
2020-02-07|12:24:04|-10220|::1|  ::NombrePagina:: :: NombrePaginaRouter[114]:: Opcion = 7
2020-02-07|12:24:04|-10220|::1|  ::NombrePagina:: :: NombrePaginaRouter[115]:: Descripcion = 7
2020-02-07|12:24:04|-10220|::1|  ::NombrePagina:: :: CGenerales.CGenerales::getNotificaciones[528]:: Inicia
2020-02-07|12:24:04|-10220|::1|  ::NombrePagina:: :: CGenerales.CGenerales::getNotificaciones[540]:: SELECT id,asunto,descripcion,imagen, cast(fecha AS time) AS hora, cast(fecha AS date) AS fechaRegistro, visto,fecha FROM notificaciones WHERE estado = 1 AND idusuario_recep = 29 ORDER BY fecha DESC
2020-02-07|12:24:04|-10220|::1|  ::NombrePagina:: :: CGenerales.CGenerales::getNotificaciones[570]:: FIN
2020-02-07|12:24:05|-10220|::1|  ::NombrePagina:: :: NombrePaginaRouter[114]:: Opcion = 2
2020-02-07|12:24:05|-10220|::1|  ::NombrePagina:: :: NombrePaginaRouter[115]:: Descripcion = 2
2020-02-07|12:24:05|-10220|::1|  ::NombrePagina:: :: CGenerales.CGenerales::obtenerUsuarios[125]:: Inicia
2020-02-07|12:24:05|-10220|::1|  ::NombrePagina:: :: CGenerales.CGenerales::obtenerUsuarios[162]:: Fin
2020-02-07|12:25:15|-10220|::1|  ::NombrePagina:: :: NombrePaginaRouter[114]:: Opcion = 13
2020-02-07|12:25:15|-10220|::1|  ::NombrePagina:: :: NombrePaginaRouter[115]:: Descripcion = 13
2020-02-07|12:25:15|-10220|::1|  ::NombrePagina:: ::CGenerales.CGenerales::eliminarTempUsuario[767]:: Inicia
2020-02-07|12:25:15|-10220|::1|  ::NombrePagina:: ::CGenerales.CGenerales::eliminarTempUsuario[788]:: Fin resultado = {"mensaje":"No existe la carpeta => ..\/..\/resources\/temp\/29","resultOper":0}
2020-02-07|12:25:16|-10220|::1|  ::NombrePagina:: :: NombrePaginaRouter[114]:: Opcion = 7
2020-02-07|12:25:16|-10220|::1|  ::NombrePagina:: :: NombrePaginaRouter[115]:: Descripcion = 7
2020-02-07|12:25:16|-10220|::1|  ::NombrePagina:: :: CGenerales.CGenerales::getNotificaciones[528]:: Inicia
2020-02-07|12:25:17|-10220|::1|  ::NombrePagina:: :: CGenerales.CGenerales::getNotificaciones[540]:: SELECT id,asunto,descripcion,imagen, cast(fecha AS time) AS hora, cast(fecha AS date) AS fechaRegistro, visto,fecha FROM notificaciones WHERE estado = 1 AND idusuario_recep = 29 ORDER BY fecha DESC
2020-02-07|12:25:17|-10220|::1|  ::NombrePagina:: :: CGenerales.CGenerales::getNotificaciones[570]:: FIN
2020-02-07|12:25:18|-10220|::1|  ::NombrePagina:: :: NombrePaginaRouter[114]:: Opcion = 2
2020-02-07|12:25:18|-10220|::1|  ::NombrePagina:: :: NombrePaginaRouter[115]:: Descripcion = 2
2020-02-07|12:25:18|-10220|::1|  ::NombrePagina:: :: CGenerales.CGenerales::obtenerUsuarios[125]:: Inicia
2020-02-07|12:25:18|-10220|::1|  ::NombrePagina:: :: CGenerales.CGenerales::obtenerUsuarios[162]:: Fin
2020-02-07|12:25:46|-10220|::1|  ::NombrePagina:: :: NombrePaginaRouter[114]:: Opcion = 13
2020-02-07|12:25:46|-10220|::1|  ::NombrePagina:: :: NombrePaginaRouter[115]:: Descripcion = 13
2020-02-07|12:25:46|-10220|::1|  ::NombrePagina:: ::CGenerales.CGenerales::eliminarTempUsuario[767]:: Inicia
2020-02-07|12:25:46|-10220|::1|  ::NombrePagina:: ::CGenerales.CGenerales::eliminarTempUsuario[788]:: Fin resultado = {"mensaje":"No existe la carpeta => ..\/..\/resources\/temp\/29","resultOper":0}
2020-02-07|12:25:48|-10220|::1|  ::NombrePagina:: :: NombrePaginaRouter[114]:: Opcion = 7
2020-02-07|12:25:48|-10220|::1|  ::NombrePagina:: :: NombrePaginaRouter[115]:: Descripcion = 7
2020-02-07|12:25:48|-10220|::1|  ::NombrePagina:: :: CGenerales.CGenerales::getNotificaciones[528]:: Inicia
2020-02-07|12:25:48|-10220|::1|  ::NombrePagina:: :: CGenerales.CGenerales::getNotificaciones[540]:: SELECT id,asunto,descripcion,imagen, cast(fecha AS time) AS hora, cast(fecha AS date) AS fechaRegistro, visto,fecha FROM notificaciones WHERE estado = 1 AND idusuario_recep = 29 ORDER BY fecha DESC
2020-02-07|12:25:49|-10220|::1|  ::NombrePagina:: :: CGenerales.CGenerales::getNotificaciones[570]:: FIN
2020-02-07|12:25:49|-10220|::1|  ::NombrePagina:: :: NombrePaginaRouter[114]:: Opcion = 2
2020-02-07|12:25:49|-10220|::1|  ::NombrePagina:: :: NombrePaginaRouter[115]:: Descripcion = 2
2020-02-07|12:25:49|-10220|::1|  ::NombrePagina:: :: CGenerales.CGenerales::obtenerUsuarios[125]:: Inicia
2020-02-07|12:25:50|-10220|::1|  ::NombrePagina:: :: CGenerales.CGenerales::obtenerUsuarios[162]:: Fin
2020-02-07|12:26:57|-10220|::1|  ::NombrePagina:: :: NombrePaginaRouter[114]:: Opcion = 13
2020-02-07|12:26:57|-10220|::1|  ::NombrePagina:: :: NombrePaginaRouter[115]:: Descripcion = 13
2020-02-07|12:26:58|-10220|::1|  ::NombrePagina:: ::CGenerales.CGenerales::eliminarTempUsuario[767]:: Inicia
2020-02-07|12:26:58|-10220|::1|  ::NombrePagina:: ::CGenerales.CGenerales::eliminarTempUsuario[788]:: Fin resultado = {"mensaje":"No existe la carpeta => ..\/..\/resources\/temp\/29","resultOper":0}
2020-02-07|12:26:59|-10220|::1|  ::NombrePagina:: :: NombrePaginaRouter[114]:: Opcion = 7
2020-02-07|12:26:59|-10220|::1|  ::NombrePagina:: :: NombrePaginaRouter[115]:: Descripcion = 7
2020-02-07|12:26:59|-10220|::1|  ::NombrePagina:: :: CGenerales.CGenerales::getNotificaciones[528]:: Inicia
2020-02-07|12:26:59|-10220|::1|  ::NombrePagina:: :: CGenerales.CGenerales::getNotificaciones[540]:: SELECT id,asunto,descripcion,imagen, cast(fecha AS time) AS hora, cast(fecha AS date) AS fechaRegistro, visto,fecha FROM notificaciones WHERE estado = 1 AND idusuario_recep = 29 ORDER BY fecha DESC
2020-02-07|12:26:59|-10220|::1|  ::NombrePagina:: :: CGenerales.CGenerales::getNotificaciones[570]:: FIN
2020-02-07|12:27:00|-10220|::1|  ::NombrePagina:: :: NombrePaginaRouter[114]:: Opcion = 2
2020-02-07|12:27:00|-10220|::1|  ::NombrePagina:: :: NombrePaginaRouter[115]:: Descripcion = 2
2020-02-07|12:27:00|-10220|::1|  ::NombrePagina:: :: CGenerales.CGenerales::obtenerUsuarios[125]:: Inicia
2020-02-07|12:27:00|-10220|::1|  ::NombrePagina:: :: CGenerales.CGenerales::obtenerUsuarios[162]:: Fin
2020-02-07|12:28:26|-10220|::1|  ::NombrePagina:: :: NombrePaginaRouter[114]:: Opcion = 13
2020-02-07|12:28:26|-10220|::1|  ::NombrePagina:: :: NombrePaginaRouter[115]:: Descripcion = 13
2020-02-07|12:28:26|-10220|::1|  ::NombrePagina:: ::CGenerales.CGenerales::eliminarTempUsuario[767]:: Inicia
2020-02-07|12:28:26|-10220|::1|  ::NombrePagina:: ::CGenerales.CGenerales::eliminarTempUsuario[788]:: Fin resultado = {"mensaje":"No existe la carpeta => ..\/..\/resources\/temp\/29","resultOper":0}
2020-02-07|12:28:28|-10220|::1|  ::NombrePagina:: :: NombrePaginaRouter[114]:: Opcion = 7
2020-02-07|12:28:28|-10220|::1|  ::NombrePagina:: :: NombrePaginaRouter[115]:: Descripcion = 7
2020-02-07|12:28:28|-10220|::1|  ::NombrePagina:: :: CGenerales.CGenerales::getNotificaciones[528]:: Inicia
2020-02-07|12:28:28|-10220|::1|  ::NombrePagina:: :: CGenerales.CGenerales::getNotificaciones[540]:: SELECT id,asunto,descripcion,imagen, cast(fecha AS time) AS hora, cast(fecha AS date) AS fechaRegistro, visto,fecha FROM notificaciones WHERE estado = 1 AND idusuario_recep = 29 ORDER BY fecha DESC
2020-02-07|12:28:28|-10220|::1|  ::NombrePagina:: :: CGenerales.CGenerales::getNotificaciones[570]:: FIN
2020-02-07|12:28:29|-10220|::1|  ::NombrePagina:: :: NombrePaginaRouter[114]:: Opcion = 2
2020-02-07|12:28:29|-10220|::1|  ::NombrePagina:: :: NombrePaginaRouter[115]:: Descripcion = 2
2020-02-07|12:28:29|-10220|::1|  ::NombrePagina:: :: CGenerales.CGenerales::obtenerUsuarios[125]:: Inicia
2020-02-07|12:28:29|-10220|::1|  ::NombrePagina:: :: CGenerales.CGenerales::obtenerUsuarios[162]:: Fin
2020-02-07|12:29:27|-10220|::1|  ::NombrePagina:: :: NombrePaginaRouter[114]:: Opcion = 13
2020-02-07|12:29:27|-10220|::1|  ::NombrePagina:: :: NombrePaginaRouter[115]:: Descripcion = 13
2020-02-07|12:29:28|-10220|::1|  ::NombrePagina:: ::CGenerales.CGenerales::eliminarTempUsuario[767]:: Inicia
2020-02-07|12:29:28|-10220|::1|  ::NombrePagina:: ::CGenerales.CGenerales::eliminarTempUsuario[788]:: Fin resultado = {"mensaje":"No existe la carpeta => ..\/..\/resources\/temp\/29","resultOper":0}
2020-02-07|12:29:29|-10220|::1|  ::NombrePagina:: :: NombrePaginaRouter[114]:: Opcion = 7
2020-02-07|12:29:30|-10220|::1|  ::NombrePagina:: :: NombrePaginaRouter[115]:: Descripcion = 7
2020-02-07|12:29:30|-10220|::1|  ::NombrePagina:: :: CGenerales.CGenerales::getNotificaciones[528]:: Inicia
2020-02-07|12:29:30|-10220|::1|  ::NombrePagina:: :: CGenerales.CGenerales::getNotificaciones[540]:: SELECT id,asunto,descripcion,imagen, cast(fecha AS time) AS hora, cast(fecha AS date) AS fechaRegistro, visto,fecha FROM notificaciones WHERE estado = 1 AND idusuario_recep = 29 ORDER BY fecha DESC
2020-02-07|12:29:30|-10220|::1|  ::NombrePagina:: :: CGenerales.CGenerales::getNotificaciones[570]:: FIN
2020-02-07|12:29:30|-10220|::1|  ::NombrePagina:: :: NombrePaginaRouter[114]:: Opcion = 2
2020-02-07|12:29:30|-10220|::1|  ::NombrePagina:: :: NombrePaginaRouter[115]:: Descripcion = 2
2020-02-07|12:29:30|-10220|::1|  ::NombrePagina:: :: CGenerales.CGenerales::obtenerUsuarios[125]:: Inicia
2020-02-07|12:29:30|-10220|::1|  ::NombrePagina:: :: CGenerales.CGenerales::obtenerUsuarios[162]:: Fin
2020-02-07|16:19:51|-10220|::1|  ::NombrePagina:: :: NombrePaginaRouter[114]:: Opcion = 1
2020-02-07|16:19:51|-10220|::1|  ::NombrePagina:: :: NombrePaginaRouter[115]:: Descripcion = 1
2020-02-07|16:19:51|-10220|::1|  ::NombrePagina:: :: NombrePaginaRouter[119]:: Sesion = Usuario [id=0, nombre=, apellido=, email=afelix, password=, foto=, id_tipo_usuario=0]
2020-02-07|16:19:51|-10220|::1|  ::NombrePagina:: :: CGenerales.CGenerales::iniciarSesion[14] :: param([afelix],[]); ::
2020-02-07|16:19:51|-10220|::1|  ::NombrePagina:: :: CGenerales.CGenerales::iniciarSesion[40] :: cSql => SELECT id,nombre,apellido,email,password,id_tipo_usuario FROM  usuarios where email LIKE 'afelix%' LIMIT 1;
2020-02-07|16:19:51|-10220|::1|  ::NombrePagina:: :: CGenerales.CGenerales::iniciarSesion[52] :: sqlIMG => SELECT imagen FROM usuario_imagen where idusuario = 29 LIMIT 1;
2020-02-07|16:19:51|-10220|::1|  ::NombrePagina:: :: CGenerales.CGenerales::iniciarSesion[61] :: sqlGetHuella => SELECT huella FROM  usuario_huellas where idusuario = 29 LIMIT 1;
2020-02-07|16:19:51|-10220|::1|  ::NombrePagina:: :: CGenerales.CGenerales::validarHuellas[107] :: INICIA ::
2020-02-07|16:19:51|-10220|::1|  ::NombrePagina:: :: CGenerales.CGenerales::validarHuellas[120] :: FIN ::
2020-02-07|16:19:51|-10220|::1|  ::NombrePagina:: NombrePaginaRouter[121]:: finaliza inicio de sesion
2020-02-07|16:19:51|-10220|::1|  ::NombrePagina:: :: NombrePaginaRouter[114]:: Opcion = 13
2020-02-07|16:19:51|-10220|::1|  ::NombrePagina:: :: NombrePaginaRouter[115]:: Descripcion = 13
2020-02-07|16:19:51|-10220|::1|  ::NombrePagina:: ::CGenerales.CGenerales::eliminarTempUsuario[767]:: Inicia
2020-02-07|16:19:51|-10220|::1|  ::NombrePagina:: ::CGenerales.CGenerales::eliminarTempUsuario[788]:: Fin resultado = {"mensaje":"No existe la carpeta => ..\/..\/resources\/temp\/29","resultOper":0}
2020-02-07|16:19:52|-10220|::1|  ::NombrePagina:: :: NombrePaginaRouter[114]:: Opcion = 7
2020-02-07|16:19:52|-10220|::1|  ::NombrePagina:: :: NombrePaginaRouter[115]:: Descripcion = 7
2020-02-07|16:19:52|-10220|::1|  ::NombrePagina:: :: CGenerales.CGenerales::getNotificaciones[528]:: Inicia
2020-02-07|16:19:52|-10220|::1|  ::NombrePagina:: :: CGenerales.CGenerales::getNotificaciones[540]:: SELECT id,asunto,descripcion,imagen, cast(fecha AS time) AS hora, cast(fecha AS date) AS fechaRegistro, visto,fecha FROM notificaciones WHERE estado = 1 AND idusuario_recep = 29 ORDER BY fecha DESC
2020-02-07|16:19:52|-10220|::1|  ::NombrePagina:: :: CGenerales.CGenerales::getNotificaciones[570]:: FIN
2020-02-07|16:19:55|-10220|::1|  ::NombrePagina:: :: NombrePaginaRouter[114]:: Opcion = 2
2020-02-07|16:19:55|-10220|::1|  ::NombrePagina:: :: NombrePaginaRouter[115]:: Descripcion = 2
2020-02-07|16:19:55|-10220|::1|  ::NombrePagina:: :: CGenerales.CGenerales::obtenerUsuarios[125]:: Inicia
2020-02-07|16:19:55|-10220|::1|  ::NombrePagina:: :: CGenerales.CGenerales::obtenerUsuarios[162]:: Fin
2020-02-07|16:26:06|-10220|::1|  ::NombrePagina:: :: NombrePaginaRouter[114]:: Opcion = 13
2020-02-07|16:26:06|-10220|::1|  ::NombrePagina:: :: NombrePaginaRouter[115]:: Descripcion = 13
2020-02-07|16:26:06|-10220|::1|  ::NombrePagina:: ::CGenerales.CGenerales::eliminarTempUsuario[767]:: Inicia
2020-02-07|16:26:06|-10220|::1|  ::NombrePagina:: ::CGenerales.CGenerales::eliminarTempUsuario[788]:: Fin resultado = {"mensaje":"No existe la carpeta => ..\/..\/resources\/temp\/29","resultOper":0}
2020-02-07|16:26:09|-10220|::1|  ::NombrePagina:: :: NombrePaginaRouter[114]:: Opcion = 7
2020-02-07|16:26:09|-10220|::1|  ::NombrePagina:: :: NombrePaginaRouter[115]:: Descripcion = 7
2020-02-07|16:26:09|-10220|::1|  ::NombrePagina:: :: CGenerales.CGenerales::getNotificaciones[528]:: Inicia
2020-02-07|16:26:09|-10220|::1|  ::NombrePagina:: :: CGenerales.CGenerales::getNotificaciones[540]:: SELECT id,asunto,descripcion,imagen, cast(fecha AS time) AS hora, cast(fecha AS date) AS fechaRegistro, visto,fecha FROM notificaciones WHERE estado = 1 AND idusuario_recep = 29 ORDER BY fecha DESC
2020-02-07|16:26:09|-10220|::1|  ::NombrePagina:: :: CGenerales.CGenerales::getNotificaciones[570]:: FIN
2020-02-07|16:26:10|-10220|::1|  ::NombrePagina:: :: NombrePaginaRouter[114]:: Opcion = 2
2020-02-07|16:26:10|-10220|::1|  ::NombrePagina:: :: NombrePaginaRouter[115]:: Descripcion = 2
2020-02-07|16:26:10|-10220|::1|  ::NombrePagina:: :: CGenerales.CGenerales::obtenerUsuarios[125]:: Inicia
2020-02-07|16:26:10|-10220|::1|  ::NombrePagina:: :: CGenerales.CGenerales::obtenerUsuarios[162]:: Fin
2020-02-07|16:27:24|-10220|::1|  ::NombrePagina:: :: NombrePaginaRouter[114]:: Opcion = 13
2020-02-07|16:27:24|-10220|::1|  ::NombrePagina:: :: NombrePaginaRouter[115]:: Descripcion = 13
2020-02-07|16:27:24|-10220|::1|  ::NombrePagina:: ::CGenerales.CGenerales::eliminarTempUsuario[767]:: Inicia
2020-02-07|16:27:24|-10220|::1|  ::NombrePagina:: ::CGenerales.CGenerales::eliminarTempUsuario[788]:: Fin resultado = {"mensaje":"No existe la carpeta => ..\/..\/resources\/temp\/29","resultOper":0}
2020-02-07|16:27:25|-10220|::1|  ::NombrePagina:: :: NombrePaginaRouter[114]:: Opcion = 7
2020-02-07|16:27:25|-10220|::1|  ::NombrePagina:: :: NombrePaginaRouter[115]:: Descripcion = 7
2020-02-07|16:27:25|-10220|::1|  ::NombrePagina:: :: CGenerales.CGenerales::getNotificaciones[528]:: Inicia
2020-02-07|16:27:25|-10220|::1|  ::NombrePagina:: :: CGenerales.CGenerales::getNotificaciones[540]:: SELECT id,asunto,descripcion,imagen, cast(fecha AS time) AS hora, cast(fecha AS date) AS fechaRegistro, visto,fecha FROM notificaciones WHERE estado = 1 AND idusuario_recep = 29 ORDER BY fecha DESC
2020-02-07|16:27:25|-10220|::1|  ::NombrePagina:: :: CGenerales.CGenerales::getNotificaciones[570]:: FIN
2020-02-07|16:27:27|-10220|::1|  ::NombrePagina:: :: NombrePaginaRouter[114]:: Opcion = 2
2020-02-07|16:27:27|-10220|::1|  ::NombrePagina:: :: NombrePaginaRouter[115]:: Descripcion = 2
2020-02-07|16:27:27|-10220|::1|  ::NombrePagina:: :: CGenerales.CGenerales::obtenerUsuarios[125]:: Inicia
2020-02-07|16:27:27|-10220|::1|  ::NombrePagina:: :: CGenerales.CGenerales::obtenerUsuarios[162]:: Fin
2020-02-07|16:28:09|-10220|::1|  ::NombrePagina:: :: NombrePaginaRouter[114]:: Opcion = 13
2020-02-07|16:28:09|-10220|::1|  ::NombrePagina:: :: NombrePaginaRouter[115]:: Descripcion = 13
2020-02-07|16:28:09|-10220|::1|  ::NombrePagina:: ::CGenerales.CGenerales::eliminarTempUsuario[767]:: Inicia
2020-02-07|16:28:09|-10220|::1|  ::NombrePagina:: ::CGenerales.CGenerales::eliminarTempUsuario[788]:: Fin resultado = {"mensaje":"No existe la carpeta => ..\/..\/resources\/temp\/29","resultOper":0}
2020-02-07|16:28:10|-10220|::1|  ::NombrePagina:: :: NombrePaginaRouter[114]:: Opcion = 7
2020-02-07|16:28:11|-10220|::1|  ::NombrePagina:: :: NombrePaginaRouter[115]:: Descripcion = 7
2020-02-07|16:28:11|-10220|::1|  ::NombrePagina:: :: CGenerales.CGenerales::getNotificaciones[528]:: Inicia
2020-02-07|16:28:11|-10220|::1|  ::NombrePagina:: :: CGenerales.CGenerales::getNotificaciones[540]:: SELECT id,asunto,descripcion,imagen, cast(fecha AS time) AS hora, cast(fecha AS date) AS fechaRegistro, visto,fecha FROM notificaciones WHERE estado = 1 AND idusuario_recep = 29 ORDER BY fecha DESC
2020-02-07|16:28:11|-10220|::1|  ::NombrePagina:: :: CGenerales.CGenerales::getNotificaciones[570]:: FIN
2020-02-07|16:28:11|-10220|::1|  ::NombrePagina:: :: NombrePaginaRouter[114]:: Opcion = 2
2020-02-07|16:28:11|-10220|::1|  ::NombrePagina:: :: NombrePaginaRouter[115]:: Descripcion = 2
2020-02-07|16:28:11|-10220|::1|  ::NombrePagina:: :: CGenerales.CGenerales::obtenerUsuarios[125]:: Inicia
2020-02-07|16:28:11|-10220|::1|  ::NombrePagina:: :: CGenerales.CGenerales::obtenerUsuarios[162]:: Fin
2020-02-07|16:28:35|-10220|::1|  ::NombrePagina:: :: NombrePaginaRouter[114]:: Opcion = 13
2020-02-07|16:28:35|-10220|::1|  ::NombrePagina:: :: NombrePaginaRouter[115]:: Descripcion = 13
2020-02-07|16:28:35|-10220|::1|  ::NombrePagina:: ::CGenerales.CGenerales::eliminarTempUsuario[767]:: Inicia
2020-02-07|16:28:35|-10220|::1|  ::NombrePagina:: ::CGenerales.CGenerales::eliminarTempUsuario[788]:: Fin resultado = {"mensaje":"No existe la carpeta => ..\/..\/resources\/temp\/29","resultOper":0}
2020-02-07|16:28:38|-10220|::1|  ::NombrePagina:: :: NombrePaginaRouter[114]:: Opcion = 7
2020-02-07|16:28:38|-10220|::1|  ::NombrePagina:: :: NombrePaginaRouter[115]:: Descripcion = 7
2020-02-07|16:28:38|-10220|::1|  ::NombrePagina:: :: CGenerales.CGenerales::getNotificaciones[528]:: Inicia
2020-02-07|16:28:38|-10220|::1|  ::NombrePagina:: :: CGenerales.CGenerales::getNotificaciones[540]:: SELECT id,asunto,descripcion,imagen, cast(fecha AS time) AS hora, cast(fecha AS date) AS fechaRegistro, visto,fecha FROM notificaciones WHERE estado = 1 AND idusuario_recep = 29 ORDER BY fecha DESC
2020-02-07|16:28:38|-10220|::1|  ::NombrePagina:: :: CGenerales.CGenerales::getNotificaciones[570]:: FIN
2020-02-07|16:28:38|-10220|::1|  ::NombrePagina:: :: NombrePaginaRouter[114]:: Opcion = 2
2020-02-07|16:28:38|-10220|::1|  ::NombrePagina:: :: NombrePaginaRouter[115]:: Descripcion = 2
2020-02-07|16:28:39|-10220|::1|  ::NombrePagina:: :: CGenerales.CGenerales::obtenerUsuarios[125]:: Inicia
2020-02-07|16:28:39|-10220|::1|  ::NombrePagina:: :: CGenerales.CGenerales::obtenerUsuarios[162]:: Fin
2020-02-07|16:28:53|-10220|::1|  ::NombrePagina:: :: NombrePaginaRouter[114]:: Opcion = 13
2020-02-07|16:28:53|-10220|::1|  ::NombrePagina:: :: NombrePaginaRouter[115]:: Descripcion = 13
2020-02-07|16:28:53|-10220|::1|  ::NombrePagina:: ::CGenerales.CGenerales::eliminarTempUsuario[767]:: Inicia
2020-02-07|16:28:53|-10220|::1|  ::NombrePagina:: ::CGenerales.CGenerales::eliminarTempUsuario[788]:: Fin resultado = {"mensaje":"No existe la carpeta => ..\/..\/resources\/temp\/29","resultOper":0}
2020-02-07|16:28:56|-10220|::1|  ::NombrePagina:: :: NombrePaginaRouter[114]:: Opcion = 7
2020-02-07|16:28:56|-10220|::1|  ::NombrePagina:: :: NombrePaginaRouter[115]:: Descripcion = 7
2020-02-07|16:28:56|-10220|::1|  ::NombrePagina:: :: CGenerales.CGenerales::getNotificaciones[528]:: Inicia
2020-02-07|16:28:56|-10220|::1|  ::NombrePagina:: :: CGenerales.CGenerales::getNotificaciones[540]:: SELECT id,asunto,descripcion,imagen, cast(fecha AS time) AS hora, cast(fecha AS date) AS fechaRegistro, visto,fecha FROM notificaciones WHERE estado = 1 AND idusuario_recep = 29 ORDER BY fecha DESC
2020-02-07|16:28:56|-10220|::1|  ::NombrePagina:: :: CGenerales.CGenerales::getNotificaciones[570]:: FIN
2020-02-07|16:28:57|-10220|::1|  ::NombrePagina:: :: NombrePaginaRouter[114]:: Opcion = 2
2020-02-07|16:28:57|-10220|::1|  ::NombrePagina:: :: NombrePaginaRouter[115]:: Descripcion = 2
2020-02-07|16:28:57|-10220|::1|  ::NombrePagina:: :: CGenerales.CGenerales::obtenerUsuarios[125]:: Inicia
2020-02-07|16:28:57|-10220|::1|  ::NombrePagina:: :: CGenerales.CGenerales::obtenerUsuarios[162]:: Fin
2020-02-07|16:29:33|-10220|::1|  ::NombrePagina:: :: NombrePaginaRouter[114]:: Opcion = 13
2020-02-07|16:29:33|-10220|::1|  ::NombrePagina:: :: NombrePaginaRouter[115]:: Descripcion = 13
2020-02-07|16:29:33|-10220|::1|  ::NombrePagina:: ::CGenerales.CGenerales::eliminarTempUsuario[767]:: Inicia
2020-02-07|16:29:33|-10220|::1|  ::NombrePagina:: ::CGenerales.CGenerales::eliminarTempUsuario[788]:: Fin resultado = {"mensaje":"No existe la carpeta => ..\/..\/resources\/temp\/29","resultOper":0}
2020-02-07|16:29:35|-10220|::1|  ::NombrePagina:: :: NombrePaginaRouter[114]:: Opcion = 7
2020-02-07|16:29:35|-10220|::1|  ::NombrePagina:: :: NombrePaginaRouter[115]:: Descripcion = 7
2020-02-07|16:29:35|-10220|::1|  ::NombrePagina:: :: CGenerales.CGenerales::getNotificaciones[528]:: Inicia
2020-02-07|16:29:35|-10220|::1|  ::NombrePagina:: :: CGenerales.CGenerales::getNotificaciones[540]:: SELECT id,asunto,descripcion,imagen, cast(fecha AS time) AS hora, cast(fecha AS date) AS fechaRegistro, visto,fecha FROM notificaciones WHERE estado = 1 AND idusuario_recep = 29 ORDER BY fecha DESC
2020-02-07|16:29:35|-10220|::1|  ::NombrePagina:: :: CGenerales.CGenerales::getNotificaciones[570]:: FIN
2020-02-07|16:29:37|-10220|::1|  ::NombrePagina:: :: NombrePaginaRouter[114]:: Opcion = 2
2020-02-07|16:29:37|-10220|::1|  ::NombrePagina:: :: NombrePaginaRouter[115]:: Descripcion = 2
2020-02-07|16:29:37|-10220|::1|  ::NombrePagina:: :: CGenerales.CGenerales::obtenerUsuarios[125]:: Inicia
2020-02-07|16:29:37|-10220|::1|  ::NombrePagina:: :: CGenerales.CGenerales::obtenerUsuarios[162]:: Fin
2020-02-07|16:35:30|-10220|::1|  ::NombrePagina:: :: NombrePaginaRouter[114]:: Opcion = 13
2020-02-07|16:35:30|-10220|::1|  ::NombrePagina:: :: NombrePaginaRouter[115]:: Descripcion = 13
2020-02-07|16:35:30|-10220|::1|  ::NombrePagina:: ::CGenerales.CGenerales::eliminarTempUsuario[767]:: Inicia
2020-02-07|16:35:30|-10220|::1|  ::NombrePagina:: ::CGenerales.CGenerales::eliminarTempUsuario[788]:: Fin resultado = {"mensaje":"No existe la carpeta => ..\/..\/resources\/temp\/29","resultOper":0}
2020-02-07|16:35:33|-10220|::1|  ::NombrePagina:: :: NombrePaginaRouter[114]:: Opcion = 7
2020-02-07|16:35:33|-10220|::1|  ::NombrePagina:: :: NombrePaginaRouter[115]:: Descripcion = 7
2020-02-07|16:35:33|-10220|::1|  ::NombrePagina:: :: CGenerales.CGenerales::getNotificaciones[528]:: Inicia
2020-02-07|16:35:33|-10220|::1|  ::NombrePagina:: :: CGenerales.CGenerales::getNotificaciones[540]:: SELECT id,asunto,descripcion,imagen, cast(fecha AS time) AS hora, cast(fecha AS date) AS fechaRegistro, visto,fecha FROM notificaciones WHERE estado = 1 AND idusuario_recep = 29 ORDER BY fecha DESC
2020-02-07|16:35:33|-10220|::1|  ::NombrePagina:: :: CGenerales.CGenerales::getNotificaciones[570]:: FIN
2020-02-07|16:35:34|-10220|::1|  ::NombrePagina:: :: NombrePaginaRouter[114]:: Opcion = 2
2020-02-07|16:35:34|-10220|::1|  ::NombrePagina:: :: NombrePaginaRouter[115]:: Descripcion = 2
2020-02-07|16:35:34|-10220|::1|  ::NombrePagina:: :: CGenerales.CGenerales::obtenerUsuarios[125]:: Inicia
2020-02-07|16:35:34|-10220|::1|  ::NombrePagina:: :: CGenerales.CGenerales::obtenerUsuarios[162]:: Fin
2020-02-07|16:37:09|-10220|::1|  ::NombrePagina:: :: NombrePaginaRouter[114]:: Opcion = 13
2020-02-07|16:37:09|-10220|::1|  ::NombrePagina:: :: NombrePaginaRouter[115]:: Descripcion = 13
2020-02-07|16:37:09|-10220|::1|  ::NombrePagina:: ::CGenerales.CGenerales::eliminarTempUsuario[767]:: Inicia
2020-02-07|16:37:09|-10220|::1|  ::NombrePagina:: ::CGenerales.CGenerales::eliminarTempUsuario[788]:: Fin resultado = {"mensaje":"No existe la carpeta => ..\/..\/resources\/temp\/29","resultOper":0}
2020-02-07|16:37:12|-10220|::1|  ::NombrePagina:: :: NombrePaginaRouter[114]:: Opcion = 7
2020-02-07|16:37:12|-10220|::1|  ::NombrePagina:: :: NombrePaginaRouter[115]:: Descripcion = 7
2020-02-07|16:37:12|-10220|::1|  ::NombrePagina:: :: CGenerales.CGenerales::getNotificaciones[528]:: Inicia
2020-02-07|16:37:12|-10220|::1|  ::NombrePagina:: :: CGenerales.CGenerales::getNotificaciones[540]:: SELECT id,asunto,descripcion,imagen, cast(fecha AS time) AS hora, cast(fecha AS date) AS fechaRegistro, visto,fecha FROM notificaciones WHERE estado = 1 AND idusuario_recep = 29 ORDER BY fecha DESC
2020-02-07|16:37:13|-10220|::1|  ::NombrePagina:: :: CGenerales.CGenerales::getNotificaciones[570]:: FIN
2020-02-07|16:37:13|-10220|::1|  ::NombrePagina:: :: NombrePaginaRouter[114]:: Opcion = 2
2020-02-07|16:37:13|-10220|::1|  ::NombrePagina:: :: NombrePaginaRouter[115]:: Descripcion = 2
2020-02-07|16:37:14|-10220|::1|  ::NombrePagina:: :: CGenerales.CGenerales::obtenerUsuarios[125]:: Inicia
2020-02-07|16:37:14|-10220|::1|  ::NombrePagina:: :: CGenerales.CGenerales::obtenerUsuarios[162]:: Fin
2020-02-07|16:40:18|-10220|::1|  ::NombrePagina:: :: NombrePaginaRouter[114]:: Opcion = 13
2020-02-07|16:40:19|-10220|::1|  ::NombrePagina:: :: NombrePaginaRouter[115]:: Descripcion = 13
2020-02-07|16:40:19|-10220|::1|  ::NombrePagina:: ::CGenerales.CGenerales::eliminarTempUsuario[767]:: Inicia
2020-02-07|16:40:19|-10220|::1|  ::NombrePagina:: ::CGenerales.CGenerales::eliminarTempUsuario[788]:: Fin resultado = {"mensaje":"No existe la carpeta => ..\/..\/resources\/temp\/29","resultOper":0}
2020-02-07|16:40:21|-10220|::1|  ::NombrePagina:: :: NombrePaginaRouter[114]:: Opcion = 7
2020-02-07|16:40:21|-10220|::1|  ::NombrePagina:: :: NombrePaginaRouter[115]:: Descripcion = 7
2020-02-07|16:40:21|-10220|::1|  ::NombrePagina:: :: CGenerales.CGenerales::getNotificaciones[528]:: Inicia
2020-02-07|16:40:21|-10220|::1|  ::NombrePagina:: :: CGenerales.CGenerales::getNotificaciones[540]:: SELECT id,asunto,descripcion,imagen, cast(fecha AS time) AS hora, cast(fecha AS date) AS fechaRegistro, visto,fecha FROM notificaciones WHERE estado = 1 AND idusuario_recep = 29 ORDER BY fecha DESC
2020-02-07|16:40:21|-10220|::1|  ::NombrePagina:: :: CGenerales.CGenerales::getNotificaciones[570]:: FIN
2020-02-07|16:40:23|-10220|::1|  ::NombrePagina:: :: NombrePaginaRouter[114]:: Opcion = 2
2020-02-07|16:40:23|-10220|::1|  ::NombrePagina:: :: NombrePaginaRouter[115]:: Descripcion = 2
2020-02-07|16:40:23|-10220|::1|  ::NombrePagina:: :: CGenerales.CGenerales::obtenerUsuarios[125]:: Inicia
2020-02-07|16:40:23|-10220|::1|  ::NombrePagina:: :: CGenerales.CGenerales::obtenerUsuarios[162]:: Fin
2020-02-07|16:40:48|-10220|::1|  ::NombrePagina:: :: NombrePaginaRouter[114]:: Opcion = 13
2020-02-07|16:40:48|-10220|::1|  ::NombrePagina:: :: NombrePaginaRouter[115]:: Descripcion = 13
2020-02-07|16:40:48|-10220|::1|  ::NombrePagina:: ::CGenerales.CGenerales::eliminarTempUsuario[767]:: Inicia
2020-02-07|16:40:48|-10220|::1|  ::NombrePagina:: ::CGenerales.CGenerales::eliminarTempUsuario[788]:: Fin resultado = {"mensaje":"No existe la carpeta => ..\/..\/resources\/temp\/29","resultOper":0}
2020-02-07|16:40:50|-10220|::1|  ::NombrePagina:: :: NombrePaginaRouter[114]:: Opcion = 7
2020-02-07|16:40:51|-10220|::1|  ::NombrePagina:: :: NombrePaginaRouter[115]:: Descripcion = 7
2020-02-07|16:40:51|-10220|::1|  ::NombrePagina:: :: CGenerales.CGenerales::getNotificaciones[528]:: Inicia
2020-02-07|16:40:51|-10220|::1|  ::NombrePagina:: :: CGenerales.CGenerales::getNotificaciones[540]:: SELECT id,asunto,descripcion,imagen, cast(fecha AS time) AS hora, cast(fecha AS date) AS fechaRegistro, visto,fecha FROM notificaciones WHERE estado = 1 AND idusuario_recep = 29 ORDER BY fecha DESC
2020-02-07|16:40:51|-10220|::1|  ::NombrePagina:: :: CGenerales.CGenerales::getNotificaciones[570]:: FIN
2020-02-07|16:40:51|-10220|::1|  ::NombrePagina:: :: NombrePaginaRouter[114]:: Opcion = 2
2020-02-07|16:40:51|-10220|::1|  ::NombrePagina:: :: NombrePaginaRouter[115]:: Descripcion = 2
2020-02-07|16:40:52|-10220|::1|  ::NombrePagina:: :: CGenerales.CGenerales::obtenerUsuarios[125]:: Inicia
2020-02-07|16:40:52|-10220|::1|  ::NombrePagina:: :: CGenerales.CGenerales::obtenerUsuarios[162]:: Fin
2020-02-07|16:42:13|-10220|::1|  ::NombrePagina:: :: NombrePaginaRouter[114]:: Opcion = 13
2020-02-07|16:42:13|-10220|::1|  ::NombrePagina:: :: NombrePaginaRouter[115]:: Descripcion = 13
2020-02-07|16:42:13|-10220|::1|  ::NombrePagina:: ::CGenerales.CGenerales::eliminarTempUsuario[767]:: Inicia
2020-02-07|16:42:13|-10220|::1|  ::NombrePagina:: ::CGenerales.CGenerales::eliminarTempUsuario[788]:: Fin resultado = {"mensaje":"No existe la carpeta => ..\/..\/resources\/temp\/29","resultOper":0}
2020-02-07|16:42:15|-10220|::1|  ::NombrePagina:: :: NombrePaginaRouter[114]:: Opcion = 7
2020-02-07|16:42:15|-10220|::1|  ::NombrePagina:: :: NombrePaginaRouter[115]:: Descripcion = 7
2020-02-07|16:42:15|-10220|::1|  ::NombrePagina:: :: CGenerales.CGenerales::getNotificaciones[528]:: Inicia
2020-02-07|16:42:15|-10220|::1|  ::NombrePagina:: :: CGenerales.CGenerales::getNotificaciones[540]:: SELECT id,asunto,descripcion,imagen, cast(fecha AS time) AS hora, cast(fecha AS date) AS fechaRegistro, visto,fecha FROM notificaciones WHERE estado = 1 AND idusuario_recep = 29 ORDER BY fecha DESC
2020-02-07|16:42:15|-10220|::1|  ::NombrePagina:: :: CGenerales.CGenerales::getNotificaciones[570]:: FIN
2020-02-07|16:42:17|-10220|::1|  ::NombrePagina:: :: NombrePaginaRouter[114]:: Opcion = 2
2020-02-07|16:42:17|-10220|::1|  ::NombrePagina:: :: NombrePaginaRouter[115]:: Descripcion = 2
2020-02-07|16:42:17|-10220|::1|  ::NombrePagina:: :: CGenerales.CGenerales::obtenerUsuarios[125]:: Inicia
2020-02-07|16:42:17|-10220|::1|  ::NombrePagina:: :: CGenerales.CGenerales::obtenerUsuarios[162]:: Fin
2020-02-07|16:42:40|-10220|::1|  ::NombrePagina:: :: NombrePaginaRouter[114]:: Opcion = 13
2020-02-07|16:42:40|-10220|::1|  ::NombrePagina:: :: NombrePaginaRouter[115]:: Descripcion = 13
2020-02-07|16:42:40|-10220|::1|  ::NombrePagina:: ::CGenerales.CGenerales::eliminarTempUsuario[767]:: Inicia
2020-02-07|16:42:40|-10220|::1|  ::NombrePagina:: ::CGenerales.CGenerales::eliminarTempUsuario[788]:: Fin resultado = {"mensaje":"No existe la carpeta => ..\/..\/resources\/temp\/29","resultOper":0}
2020-02-07|16:42:43|-10220|::1|  ::NombrePagina:: :: NombrePaginaRouter[114]:: Opcion = 7
2020-02-07|16:42:43|-10220|::1|  ::NombrePagina:: :: NombrePaginaRouter[115]:: Descripcion = 7
2020-02-07|16:42:43|-10220|::1|  ::NombrePagina:: :: CGenerales.CGenerales::getNotificaciones[528]:: Inicia
2020-02-07|16:42:43|-10220|::1|  ::NombrePagina:: :: CGenerales.CGenerales::getNotificaciones[540]:: SELECT id,asunto,descripcion,imagen, cast(fecha AS time) AS hora, cast(fecha AS date) AS fechaRegistro, visto,fecha FROM notificaciones WHERE estado = 1 AND idusuario_recep = 29 ORDER BY fecha DESC
2020-02-07|16:42:43|-10220|::1|  ::NombrePagina:: :: CGenerales.CGenerales::getNotificaciones[570]:: FIN
2020-02-07|16:42:44|-10220|::1|  ::NombrePagina:: :: NombrePaginaRouter[114]:: Opcion = 2
2020-02-07|16:42:45|-10220|::1|  ::NombrePagina:: :: NombrePaginaRouter[115]:: Descripcion = 2
2020-02-07|16:42:45|-10220|::1|  ::NombrePagina:: :: CGenerales.CGenerales::obtenerUsuarios[125]:: Inicia
2020-02-07|16:42:45|-10220|::1|  ::NombrePagina:: :: CGenerales.CGenerales::obtenerUsuarios[162]:: Fin
2020-02-07|16:43:08|-10220|::1|  ::NombrePagina:: :: NombrePaginaRouter[114]:: Opcion = 13
2020-02-07|16:43:08|-10220|::1|  ::NombrePagina:: :: NombrePaginaRouter[115]:: Descripcion = 13
2020-02-07|16:43:08|-10220|::1|  ::NombrePagina:: ::CGenerales.CGenerales::eliminarTempUsuario[767]:: Inicia
2020-02-07|16:43:09|-10220|::1|  ::NombrePagina:: ::CGenerales.CGenerales::eliminarTempUsuario[788]:: Fin resultado = {"mensaje":"No existe la carpeta => ..\/..\/resources\/temp\/29","resultOper":0}
2020-02-07|16:43:13|-10220|::1|  ::NombrePagina:: :: NombrePaginaRouter[114]:: Opcion = 7
2020-02-07|16:43:13|-10220|::1|  ::NombrePagina:: :: NombrePaginaRouter[115]:: Descripcion = 7
2020-02-07|16:43:13|-10220|::1|  ::NombrePagina:: :: CGenerales.CGenerales::getNotificaciones[528]:: Inicia
2020-02-07|16:43:13|-10220|::1|  ::NombrePagina:: :: CGenerales.CGenerales::getNotificaciones[540]:: SELECT id,asunto,descripcion,imagen, cast(fecha AS time) AS hora, cast(fecha AS date) AS fechaRegistro, visto,fecha FROM notificaciones WHERE estado = 1 AND idusuario_recep = 29 ORDER BY fecha DESC
2020-02-07|16:43:13|-10220|::1|  ::NombrePagina:: :: CGenerales.CGenerales::getNotificaciones[570]:: FIN
2020-02-07|16:43:13|-10220|::1|  ::NombrePagina:: :: NombrePaginaRouter[114]:: Opcion = 2
2020-02-07|16:43:14|-10220|::1|  ::NombrePagina:: :: NombrePaginaRouter[115]:: Descripcion = 2
2020-02-07|16:43:14|-10220|::1|  ::NombrePagina:: :: CGenerales.CGenerales::obtenerUsuarios[125]:: Inicia
2020-02-07|16:43:14|-10220|::1|  ::NombrePagina:: :: CGenerales.CGenerales::obtenerUsuarios[162]:: Fin
2020-02-07|16:44:23|-10220|::1|  ::NombrePagina:: :: NombrePaginaRouter[114]:: Opcion = 13
2020-02-07|16:44:24|-10220|::1|  ::NombrePagina:: :: NombrePaginaRouter[115]:: Descripcion = 13
2020-02-07|16:44:24|-10220|::1|  ::NombrePagina:: ::CGenerales.CGenerales::eliminarTempUsuario[767]:: Inicia
2020-02-07|16:44:24|-10220|::1|  ::NombrePagina:: ::CGenerales.CGenerales::eliminarTempUsuario[788]:: Fin resultado = {"mensaje":"No existe la carpeta => ..\/..\/resources\/temp\/29","resultOper":0}
2020-02-07|16:44:26|-10220|::1|  ::NombrePagina:: :: NombrePaginaRouter[114]:: Opcion = 7
2020-02-07|16:44:26|-10220|::1|  ::NombrePagina:: :: NombrePaginaRouter[115]:: Descripcion = 7
2020-02-07|16:44:26|-10220|::1|  ::NombrePagina:: :: CGenerales.CGenerales::getNotificaciones[528]:: Inicia
2020-02-07|16:44:26|-10220|::1|  ::NombrePagina:: :: CGenerales.CGenerales::getNotificaciones[540]:: SELECT id,asunto,descripcion,imagen, cast(fecha AS time) AS hora, cast(fecha AS date) AS fechaRegistro, visto,fecha FROM notificaciones WHERE estado = 1 AND idusuario_recep = 29 ORDER BY fecha DESC
2020-02-07|16:44:26|-10220|::1|  ::NombrePagina:: :: CGenerales.CGenerales::getNotificaciones[570]:: FIN
2020-02-07|16:44:27|-10220|::1|  ::NombrePagina:: :: NombrePaginaRouter[114]:: Opcion = 2
2020-02-07|16:44:27|-10220|::1|  ::NombrePagina:: :: NombrePaginaRouter[115]:: Descripcion = 2
2020-02-07|16:44:27|-10220|::1|  ::NombrePagina:: :: CGenerales.CGenerales::obtenerUsuarios[125]:: Inicia
2020-02-07|16:44:27|-10220|::1|  ::NombrePagina:: :: CGenerales.CGenerales::obtenerUsuarios[162]:: Fin
2020-02-07|16:47:30|-10220|::1|  ::NombrePagina:: :: NombrePaginaRouter[114]:: Opcion = 13
2020-02-07|16:47:31|-10220|::1|  ::NombrePagina:: :: NombrePaginaRouter[115]:: Descripcion = 13
2020-02-07|16:47:31|-10220|::1|  ::NombrePagina:: ::CGenerales.CGenerales::eliminarTempUsuario[767]:: Inicia
2020-02-07|16:47:31|-10220|::1|  ::NombrePagina:: ::CGenerales.CGenerales::eliminarTempUsuario[788]:: Fin resultado = {"mensaje":"No existe la carpeta => ..\/..\/resources\/temp\/29","resultOper":0}
2020-02-07|16:47:33|-10220|::1|  ::NombrePagina:: :: NombrePaginaRouter[114]:: Opcion = 7
2020-02-07|16:47:33|-10220|::1|  ::NombrePagina:: :: NombrePaginaRouter[115]:: Descripcion = 7
2020-02-07|16:47:33|-10220|::1|  ::NombrePagina:: :: CGenerales.CGenerales::getNotificaciones[528]:: Inicia
2020-02-07|16:47:34|-10220|::1|  ::NombrePagina:: :: CGenerales.CGenerales::getNotificaciones[540]:: SELECT id,asunto,descripcion,imagen, cast(fecha AS time) AS hora, cast(fecha AS date) AS fechaRegistro, visto,fecha FROM notificaciones WHERE estado = 1 AND idusuario_recep = 29 ORDER BY fecha DESC
2020-02-07|16:47:34|-10220|::1|  ::NombrePagina:: :: CGenerales.CGenerales::getNotificaciones[570]:: FIN
2020-02-07|16:47:35|-10220|::1|  ::NombrePagina:: :: NombrePaginaRouter[114]:: Opcion = 2
2020-02-07|16:47:35|-10220|::1|  ::NombrePagina:: :: NombrePaginaRouter[115]:: Descripcion = 2
2020-02-07|16:47:35|-10220|::1|  ::NombrePagina:: :: CGenerales.CGenerales::obtenerUsuarios[125]:: Inicia
2020-02-07|16:47:35|-10220|::1|  ::NombrePagina:: :: CGenerales.CGenerales::obtenerUsuarios[162]:: Fin
2020-02-07|16:48:09|-10220|::1|  ::NombrePagina:: :: NombrePaginaRouter[114]:: Opcion = 13
2020-02-07|16:48:09|-10220|::1|  ::NombrePagina:: :: NombrePaginaRouter[115]:: Descripcion = 13
2020-02-07|16:48:09|-10220|::1|  ::NombrePagina:: ::CGenerales.CGenerales::eliminarTempUsuario[767]:: Inicia
2020-02-07|16:48:09|-10220|::1|  ::NombrePagina:: ::CGenerales.CGenerales::eliminarTempUsuario[788]:: Fin resultado = {"mensaje":"No existe la carpeta => ..\/..\/resources\/temp\/29","resultOper":0}
2020-02-07|16:48:12|-10220|::1|  ::NombrePagina:: :: NombrePaginaRouter[114]:: Opcion = 7
2020-02-07|16:48:12|-10220|::1|  ::NombrePagina:: :: NombrePaginaRouter[115]:: Descripcion = 7
2020-02-07|16:48:12|-10220|::1|  ::NombrePagina:: :: CGenerales.CGenerales::getNotificaciones[528]:: Inicia
2020-02-07|16:48:12|-10220|::1|  ::NombrePagina:: :: CGenerales.CGenerales::getNotificaciones[540]:: SELECT id,asunto,descripcion,imagen, cast(fecha AS time) AS hora, cast(fecha AS date) AS fechaRegistro, visto,fecha FROM notificaciones WHERE estado = 1 AND idusuario_recep = 29 ORDER BY fecha DESC
2020-02-07|16:48:12|-10220|::1|  ::NombrePagina:: :: CGenerales.CGenerales::getNotificaciones[570]:: FIN
2020-02-07|16:48:13|-10220|::1|  ::NombrePagina:: :: NombrePaginaRouter[114]:: Opcion = 2
2020-02-07|16:48:13|-10220|::1|  ::NombrePagina:: :: NombrePaginaRouter[115]:: Descripcion = 2
2020-02-07|16:48:13|-10220|::1|  ::NombrePagina:: :: CGenerales.CGenerales::obtenerUsuarios[125]:: Inicia
2020-02-07|16:48:13|-10220|::1|  ::NombrePagina:: :: CGenerales.CGenerales::obtenerUsuarios[162]:: Fin
2020-02-07|16:48:53|-10220|::1|  ::NombrePagina:: :: NombrePaginaRouter[114]:: Opcion = 13
2020-02-07|16:48:53|-10220|::1|  ::NombrePagina:: :: NombrePaginaRouter[115]:: Descripcion = 13
2020-02-07|16:48:53|-10220|::1|  ::NombrePagina:: ::CGenerales.CGenerales::eliminarTempUsuario[767]:: Inicia
2020-02-07|16:48:53|-10220|::1|  ::NombrePagina:: ::CGenerales.CGenerales::eliminarTempUsuario[788]:: Fin resultado = {"mensaje":"No existe la carpeta => ..\/..\/resources\/temp\/29","resultOper":0}
2020-02-07|16:48:56|-10220|::1|  ::NombrePagina:: :: NombrePaginaRouter[114]:: Opcion = 7
2020-02-07|16:48:56|-10220|::1|  ::NombrePagina:: :: NombrePaginaRouter[115]:: Descripcion = 7
2020-02-07|16:48:56|-10220|::1|  ::NombrePagina:: :: CGenerales.CGenerales::getNotificaciones[528]:: Inicia
2020-02-07|16:48:56|-10220|::1|  ::NombrePagina:: :: CGenerales.CGenerales::getNotificaciones[540]:: SELECT id,asunto,descripcion,imagen, cast(fecha AS time) AS hora, cast(fecha AS date) AS fechaRegistro, visto,fecha FROM notificaciones WHERE estado = 1 AND idusuario_recep = 29 ORDER BY fecha DESC
2020-02-07|16:48:56|-10220|::1|  ::NombrePagina:: :: CGenerales.CGenerales::getNotificaciones[570]:: FIN
2020-02-07|16:48:57|-10220|::1|  ::NombrePagina:: :: NombrePaginaRouter[114]:: Opcion = 2
2020-02-07|16:48:57|-10220|::1|  ::NombrePagina:: :: NombrePaginaRouter[115]:: Descripcion = 2
2020-02-07|16:48:57|-10220|::1|  ::NombrePagina:: :: CGenerales.CGenerales::obtenerUsuarios[125]:: Inicia
2020-02-07|16:48:57|-10220|::1|  ::NombrePagina:: :: CGenerales.CGenerales::obtenerUsuarios[162]:: Fin
2020-02-07|16:49:28|-10220|::1|  ::NombrePagina:: :: NombrePaginaRouter[114]:: Opcion = 13
2020-02-07|16:49:28|-10220|::1|  ::NombrePagina:: :: NombrePaginaRouter[115]:: Descripcion = 13
2020-02-07|16:49:28|-10220|::1|  ::NombrePagina:: ::CGenerales.CGenerales::eliminarTempUsuario[767]:: Inicia
2020-02-07|16:49:28|-10220|::1|  ::NombrePagina:: ::CGenerales.CGenerales::eliminarTempUsuario[788]:: Fin resultado = {"mensaje":"No existe la carpeta => ..\/..\/resources\/temp\/29","resultOper":0}
2020-02-07|16:49:31|-10220|::1|  ::NombrePagina:: :: NombrePaginaRouter[114]:: Opcion = 7
2020-02-07|16:49:31|-10220|::1|  ::NombrePagina:: :: NombrePaginaRouter[115]:: Descripcion = 7
2020-02-07|16:49:31|-10220|::1|  ::NombrePagina:: :: CGenerales.CGenerales::getNotificaciones[528]:: Inicia
2020-02-07|16:49:31|-10220|::1|  ::NombrePagina:: :: CGenerales.CGenerales::getNotificaciones[540]:: SELECT id,asunto,descripcion,imagen, cast(fecha AS time) AS hora, cast(fecha AS date) AS fechaRegistro, visto,fecha FROM notificaciones WHERE estado = 1 AND idusuario_recep = 29 ORDER BY fecha DESC
2020-02-07|16:49:31|-10220|::1|  ::NombrePagina:: :: CGenerales.CGenerales::getNotificaciones[570]:: FIN
2020-02-07|16:49:33|-10220|::1|  ::NombrePagina:: :: NombrePaginaRouter[114]:: Opcion = 2
2020-02-07|16:49:33|-10220|::1|  ::NombrePagina:: :: NombrePaginaRouter[115]:: Descripcion = 2
2020-02-07|16:49:33|-10220|::1|  ::NombrePagina:: :: CGenerales.CGenerales::obtenerUsuarios[125]:: Inicia
2020-02-07|16:49:33|-10220|::1|  ::NombrePagina:: :: CGenerales.CGenerales::obtenerUsuarios[162]:: Fin
2020-02-07|16:49:52|-10220|::1|  ::NombrePagina:: :: NombrePaginaRouter[114]:: Opcion = 13
2020-02-07|16:49:52|-10220|::1|  ::NombrePagina:: :: NombrePaginaRouter[115]:: Descripcion = 13
2020-02-07|16:49:52|-10220|::1|  ::NombrePagina:: ::CGenerales.CGenerales::eliminarTempUsuario[767]:: Inicia
2020-02-07|16:49:53|-10220|::1|  ::NombrePagina:: ::CGenerales.CGenerales::eliminarTempUsuario[788]:: Fin resultado = {"mensaje":"No existe la carpeta => ..\/..\/resources\/temp\/29","resultOper":0}
2020-02-07|16:49:54|-10220|::1|  ::NombrePagina:: :: NombrePaginaRouter[114]:: Opcion = 7
2020-02-07|16:49:54|-10220|::1|  ::NombrePagina:: :: NombrePaginaRouter[115]:: Descripcion = 7
2020-02-07|16:49:54|-10220|::1|  ::NombrePagina:: :: CGenerales.CGenerales::getNotificaciones[528]:: Inicia
2020-02-07|16:49:54|-10220|::1|  ::NombrePagina:: :: CGenerales.CGenerales::getNotificaciones[540]:: SELECT id,asunto,descripcion,imagen, cast(fecha AS time) AS hora, cast(fecha AS date) AS fechaRegistro, visto,fecha FROM notificaciones WHERE estado = 1 AND idusuario_recep = 29 ORDER BY fecha DESC
2020-02-07|16:49:54|-10220|::1|  ::NombrePagina:: :: CGenerales.CGenerales::getNotificaciones[570]:: FIN
2020-02-07|16:49:55|-10220|::1|  ::NombrePagina:: :: NombrePaginaRouter[114]:: Opcion = 2
2020-02-07|16:49:55|-10220|::1|  ::NombrePagina:: :: NombrePaginaRouter[115]:: Descripcion = 2
2020-02-07|16:49:55|-10220|::1|  ::NombrePagina:: :: CGenerales.CGenerales::obtenerUsuarios[125]:: Inicia
2020-02-07|16:49:55|-10220|::1|  ::NombrePagina:: :: CGenerales.CGenerales::obtenerUsuarios[162]:: Fin
2020-02-07|16:50:25|-10220|::1|  ::NombrePagina:: :: NombrePaginaRouter[114]:: Opcion = 13
2020-02-07|16:50:25|-10220|::1|  ::NombrePagina:: :: NombrePaginaRouter[115]:: Descripcion = 13
2020-02-07|16:50:25|-10220|::1|  ::NombrePagina:: ::CGenerales.CGenerales::eliminarTempUsuario[767]:: Inicia
2020-02-07|16:50:25|-10220|::1|  ::NombrePagina:: ::CGenerales.CGenerales::eliminarTempUsuario[788]:: Fin resultado = {"mensaje":"No existe la carpeta => ..\/..\/resources\/temp\/29","resultOper":0}
2020-02-07|16:50:27|-10220|::1|  ::NombrePagina:: :: NombrePaginaRouter[114]:: Opcion = 7
2020-02-07|16:50:27|-10220|::1|  ::NombrePagina:: :: NombrePaginaRouter[115]:: Descripcion = 7
2020-02-07|16:50:27|-10220|::1|  ::NombrePagina:: :: CGenerales.CGenerales::getNotificaciones[528]:: Inicia
2020-02-07|16:50:27|-10220|::1|  ::NombrePagina:: :: CGenerales.CGenerales::getNotificaciones[540]:: SELECT id,asunto,descripcion,imagen, cast(fecha AS time) AS hora, cast(fecha AS date) AS fechaRegistro, visto,fecha FROM notificaciones WHERE estado = 1 AND idusuario_recep = 29 ORDER BY fecha DESC
2020-02-07|16:50:27|-10220|::1|  ::NombrePagina:: :: CGenerales.CGenerales::getNotificaciones[570]:: FIN
2020-02-07|16:50:28|-10220|::1|  ::NombrePagina:: :: NombrePaginaRouter[114]:: Opcion = 2
2020-02-07|16:50:28|-10220|::1|  ::NombrePagina:: :: NombrePaginaRouter[115]:: Descripcion = 2
2020-02-07|16:50:28|-10220|::1|  ::NombrePagina:: :: CGenerales.CGenerales::obtenerUsuarios[125]:: Inicia
2020-02-07|16:50:28|-10220|::1|  ::NombrePagina:: :: CGenerales.CGenerales::obtenerUsuarios[162]:: Fin
2020-02-07|16:50:37|-10220|::1|  ::NombrePagina:: :: NombrePaginaRouter[114]:: Opcion = 13
2020-02-07|16:50:37|-10220|::1|  ::NombrePagina:: :: NombrePaginaRouter[115]:: Descripcion = 13
2020-02-07|16:50:37|-10220|::1|  ::NombrePagina:: ::CGenerales.CGenerales::eliminarTempUsuario[767]:: Inicia
2020-02-07|16:50:37|-10220|::1|  ::NombrePagina:: ::CGenerales.CGenerales::eliminarTempUsuario[788]:: Fin resultado = {"mensaje":"No existe la carpeta => ..\/..\/resources\/temp\/29","resultOper":0}
2020-02-07|16:50:39|-10220|::1|  ::NombrePagina:: :: NombrePaginaRouter[114]:: Opcion = 7
2020-02-07|16:50:40|-10220|::1|  ::NombrePagina:: :: NombrePaginaRouter[115]:: Descripcion = 7
2020-02-07|16:50:40|-10220|::1|  ::NombrePagina:: :: CGenerales.CGenerales::getNotificaciones[528]:: Inicia
2020-02-07|16:50:40|-10220|::1|  ::NombrePagina:: :: CGenerales.CGenerales::getNotificaciones[540]:: SELECT id,asunto,descripcion,imagen, cast(fecha AS time) AS hora, cast(fecha AS date) AS fechaRegistro, visto,fecha FROM notificaciones WHERE estado = 1 AND idusuario_recep = 29 ORDER BY fecha DESC
2020-02-07|16:50:40|-10220|::1|  ::NombrePagina:: :: CGenerales.CGenerales::getNotificaciones[570]:: FIN
2020-02-07|16:50:41|-10220|::1|  ::NombrePagina:: :: NombrePaginaRouter[114]:: Opcion = 2
2020-02-07|16:50:41|-10220|::1|  ::NombrePagina:: :: NombrePaginaRouter[115]:: Descripcion = 2
2020-02-07|16:50:41|-10220|::1|  ::NombrePagina:: :: CGenerales.CGenerales::obtenerUsuarios[125]:: Inicia
2020-02-07|16:50:41|-10220|::1|  ::NombrePagina:: :: CGenerales.CGenerales::obtenerUsuarios[162]:: Fin
2020-02-07|16:52:17|-10220|::1|  ::NombrePagina:: :: NombrePaginaRouter[114]:: Opcion = 13
2020-02-07|16:52:17|-10220|::1|  ::NombrePagina:: :: NombrePaginaRouter[115]:: Descripcion = 13
2020-02-07|16:52:17|-10220|::1|  ::NombrePagina:: ::CGenerales.CGenerales::eliminarTempUsuario[767]:: Inicia
2020-02-07|16:52:17|-10220|::1|  ::NombrePagina:: ::CGenerales.CGenerales::eliminarTempUsuario[788]:: Fin resultado = {"mensaje":"No existe la carpeta => ..\/..\/resources\/temp\/29","resultOper":0}
2020-02-07|16:52:20|-10220|::1|  ::NombrePagina:: :: NombrePaginaRouter[114]:: Opcion = 7
2020-02-07|16:52:20|-10220|::1|  ::NombrePagina:: :: NombrePaginaRouter[115]:: Descripcion = 7
2020-02-07|16:52:20|-10220|::1|  ::NombrePagina:: :: CGenerales.CGenerales::getNotificaciones[528]:: Inicia
2020-02-07|16:52:20|-10220|::1|  ::NombrePagina:: :: CGenerales.CGenerales::getNotificaciones[540]:: SELECT id,asunto,descripcion,imagen, cast(fecha AS time) AS hora, cast(fecha AS date) AS fechaRegistro, visto,fecha FROM notificaciones WHERE estado = 1 AND idusuario_recep = 29 ORDER BY fecha DESC
2020-02-07|16:52:20|-10220|::1|  ::NombrePagina:: :: CGenerales.CGenerales::getNotificaciones[570]:: FIN
2020-02-07|16:52:20|-10220|::1|  ::NombrePagina:: :: NombrePaginaRouter[114]:: Opcion = 2
2020-02-07|16:52:20|-10220|::1|  ::NombrePagina:: :: NombrePaginaRouter[115]:: Descripcion = 2
2020-02-07|16:52:20|-10220|::1|  ::NombrePagina:: :: CGenerales.CGenerales::obtenerUsuarios[125]:: Inicia
2020-02-07|16:52:20|-10220|::1|  ::NombrePagina:: :: CGenerales.CGenerales::obtenerUsuarios[162]:: Fin
2020-02-07|16:53:35|-10220|::1|  ::NombrePagina:: :: NombrePaginaRouter[114]:: Opcion = 13
2020-02-07|16:53:35|-10220|::1|  ::NombrePagina:: :: NombrePaginaRouter[115]:: Descripcion = 13
2020-02-07|16:53:35|-10220|::1|  ::NombrePagina:: ::CGenerales.CGenerales::eliminarTempUsuario[767]:: Inicia
2020-02-07|16:53:35|-10220|::1|  ::NombrePagina:: ::CGenerales.CGenerales::eliminarTempUsuario[788]:: Fin resultado = {"mensaje":"No existe la carpeta => ..\/..\/resources\/temp\/29","resultOper":0}
2020-02-07|16:53:37|-10220|::1|  ::NombrePagina:: :: NombrePaginaRouter[114]:: Opcion = 7
2020-02-07|16:53:37|-10220|::1|  ::NombrePagina:: :: NombrePaginaRouter[115]:: Descripcion = 7
2020-02-07|16:53:37|-10220|::1|  ::NombrePagina:: :: CGenerales.CGenerales::getNotificaciones[528]:: Inicia
2020-02-07|16:53:37|-10220|::1|  ::NombrePagina:: :: CGenerales.CGenerales::getNotificaciones[540]:: SELECT id,asunto,descripcion,imagen, cast(fecha AS time) AS hora, cast(fecha AS date) AS fechaRegistro, visto,fecha FROM notificaciones WHERE estado = 1 AND idusuario_recep = 29 ORDER BY fecha DESC
2020-02-07|16:53:37|-10220|::1|  ::NombrePagina:: :: CGenerales.CGenerales::getNotificaciones[570]:: FIN
2020-02-07|16:53:38|-10220|::1|  ::NombrePagina:: :: NombrePaginaRouter[114]:: Opcion = 2
2020-02-07|16:53:38|-10220|::1|  ::NombrePagina:: :: NombrePaginaRouter[115]:: Descripcion = 2
2020-02-07|16:53:38|-10220|::1|  ::NombrePagina:: :: CGenerales.CGenerales::obtenerUsuarios[125]:: Inicia
2020-02-07|16:53:38|-10220|::1|  ::NombrePagina:: :: CGenerales.CGenerales::obtenerUsuarios[162]:: Fin
2020-02-07|16:54:22|-10220|::1|  ::NombrePagina:: :: NombrePaginaRouter[114]:: Opcion = 13
2020-02-07|16:54:22|-10220|::1|  ::NombrePagina:: :: NombrePaginaRouter[115]:: Descripcion = 13
2020-02-07|16:54:22|-10220|::1|  ::NombrePagina:: ::CGenerales.CGenerales::eliminarTempUsuario[767]:: Inicia
2020-02-07|16:54:22|-10220|::1|  ::NombrePagina:: ::CGenerales.CGenerales::eliminarTempUsuario[788]:: Fin resultado = {"mensaje":"No existe la carpeta => ..\/..\/resources\/temp\/29","resultOper":0}
2020-02-07|16:54:23|-10220|::1|  ::NombrePagina:: :: NombrePaginaRouter[114]:: Opcion = 7
2020-02-07|16:54:24|-10220|::1|  ::NombrePagina:: :: NombrePaginaRouter[115]:: Descripcion = 7
2020-02-07|16:54:24|-10220|::1|  ::NombrePagina:: :: CGenerales.CGenerales::getNotificaciones[528]:: Inicia
2020-02-07|16:54:24|-10220|::1|  ::NombrePagina:: :: CGenerales.CGenerales::getNotificaciones[540]:: SELECT id,asunto,descripcion,imagen, cast(fecha AS time) AS hora, cast(fecha AS date) AS fechaRegistro, visto,fecha FROM notificaciones WHERE estado = 1 AND idusuario_recep = 29 ORDER BY fecha DESC
2020-02-07|16:54:24|-10220|::1|  ::NombrePagina:: :: CGenerales.CGenerales::getNotificaciones[570]:: FIN
2020-02-07|16:54:24|-10220|::1|  ::NombrePagina:: :: NombrePaginaRouter[114]:: Opcion = 2
2020-02-07|16:54:24|-10220|::1|  ::NombrePagina:: :: NombrePaginaRouter[115]:: Descripcion = 2
2020-02-07|16:54:24|-10220|::1|  ::NombrePagina:: :: CGenerales.CGenerales::obtenerUsuarios[125]:: Inicia
2020-02-07|16:54:25|-10220|::1|  ::NombrePagina:: :: CGenerales.CGenerales::obtenerUsuarios[162]:: Fin
2020-02-07|16:55:40|-10220|::1|  ::NombrePagina:: :: NombrePaginaRouter[114]:: Opcion = 13
2020-02-07|16:55:40|-10220|::1|  ::NombrePagina:: :: NombrePaginaRouter[115]:: Descripcion = 13
2020-02-07|16:55:41|-10220|::1|  ::NombrePagina:: ::CGenerales.CGenerales::eliminarTempUsuario[767]:: Inicia
2020-02-07|16:55:41|-10220|::1|  ::NombrePagina:: ::CGenerales.CGenerales::eliminarTempUsuario[788]:: Fin resultado = {"mensaje":"No existe la carpeta => ..\/..\/resources\/temp\/29","resultOper":0}
2020-02-07|16:55:42|-10220|::1|  ::NombrePagina:: :: NombrePaginaRouter[114]:: Opcion = 7
2020-02-07|16:55:42|-10220|::1|  ::NombrePagina:: :: NombrePaginaRouter[115]:: Descripcion = 7
2020-02-07|16:55:42|-10220|::1|  ::NombrePagina:: :: CGenerales.CGenerales::getNotificaciones[528]:: Inicia
2020-02-07|16:55:42|-10220|::1|  ::NombrePagina:: :: CGenerales.CGenerales::getNotificaciones[540]:: SELECT id,asunto,descripcion,imagen, cast(fecha AS time) AS hora, cast(fecha AS date) AS fechaRegistro, visto,fecha FROM notificaciones WHERE estado = 1 AND idusuario_recep = 29 ORDER BY fecha DESC
2020-02-07|16:55:42|-10220|::1|  ::NombrePagina:: :: CGenerales.CGenerales::getNotificaciones[570]:: FIN
2020-02-07|16:55:44|-10220|::1|  ::NombrePagina:: :: NombrePaginaRouter[114]:: Opcion = 2
2020-02-07|16:55:44|-10220|::1|  ::NombrePagina:: :: NombrePaginaRouter[115]:: Descripcion = 2
2020-02-07|16:55:44|-10220|::1|  ::NombrePagina:: :: CGenerales.CGenerales::obtenerUsuarios[125]:: Inicia
2020-02-07|16:55:44|-10220|::1|  ::NombrePagina:: :: CGenerales.CGenerales::obtenerUsuarios[162]:: Fin
2020-02-07|16:58:34|-10220|::1|  ::NombrePagina:: :: NombrePaginaRouter[114]:: Opcion = 13
2020-02-07|16:58:34|-10220|::1|  ::NombrePagina:: :: NombrePaginaRouter[115]:: Descripcion = 13
2020-02-07|16:58:34|-10220|::1|  ::NombrePagina:: ::CGenerales.CGenerales::eliminarTempUsuario[767]:: Inicia
2020-02-07|16:58:34|-10220|::1|  ::NombrePagina:: ::CGenerales.CGenerales::eliminarTempUsuario[788]:: Fin resultado = {"mensaje":"No existe la carpeta => ..\/..\/resources\/temp\/29","resultOper":0}
2020-02-07|16:58:36|-10220|::1|  ::NombrePagina:: :: NombrePaginaRouter[114]:: Opcion = 7
2020-02-07|16:58:36|-10220|::1|  ::NombrePagina:: :: NombrePaginaRouter[115]:: Descripcion = 7
2020-02-07|16:58:36|-10220|::1|  ::NombrePagina:: :: CGenerales.CGenerales::getNotificaciones[528]:: Inicia
2020-02-07|16:58:36|-10220|::1|  ::NombrePagina:: :: CGenerales.CGenerales::getNotificaciones[540]:: SELECT id,asunto,descripcion,imagen, cast(fecha AS time) AS hora, cast(fecha AS date) AS fechaRegistro, visto,fecha FROM notificaciones WHERE estado = 1 AND idusuario_recep = 29 ORDER BY fecha DESC
2020-02-07|16:58:36|-10220|::1|  ::NombrePagina:: :: CGenerales.CGenerales::getNotificaciones[570]:: FIN
2020-02-07|16:58:37|-10220|::1|  ::NombrePagina:: :: NombrePaginaRouter[114]:: Opcion = 2
2020-02-07|16:58:37|-10220|::1|  ::NombrePagina:: :: NombrePaginaRouter[115]:: Descripcion = 2
2020-02-07|16:58:37|-10220|::1|  ::NombrePagina:: :: CGenerales.CGenerales::obtenerUsuarios[125]:: Inicia
2020-02-07|16:58:37|-10220|::1|  ::NombrePagina:: :: CGenerales.CGenerales::obtenerUsuarios[162]:: Fin
2020-02-07|16:59:05|-10220|::1|  ::NombrePagina:: :: NombrePaginaRouter[114]:: Opcion = 13
2020-02-07|16:59:06|-10220|::1|  ::NombrePagina:: :: NombrePaginaRouter[115]:: Descripcion = 13
2020-02-07|16:59:06|-10220|::1|  ::NombrePagina:: ::CGenerales.CGenerales::eliminarTempUsuario[767]:: Inicia
2020-02-07|16:59:06|-10220|::1|  ::NombrePagina:: ::CGenerales.CGenerales::eliminarTempUsuario[788]:: Fin resultado = {"mensaje":"No existe la carpeta => ..\/..\/resources\/temp\/29","resultOper":0}
2020-02-07|16:59:06|-10220|::1|  ::NombrePagina:: :: NombrePaginaRouter[114]:: Opcion = 7
2020-02-07|16:59:06|-10220|::1|  ::NombrePagina:: :: NombrePaginaRouter[115]:: Descripcion = 7
2020-02-07|16:59:06|-10220|::1|  ::NombrePagina:: :: CGenerales.CGenerales::getNotificaciones[528]:: Inicia
2020-02-07|16:59:06|-10220|::1|  ::NombrePagina:: :: CGenerales.CGenerales::getNotificaciones[540]:: SELECT id,asunto,descripcion,imagen, cast(fecha AS time) AS hora, cast(fecha AS date) AS fechaRegistro, visto,fecha FROM notificaciones WHERE estado = 1 AND idusuario_recep = 29 ORDER BY fecha DESC
2020-02-07|16:59:07|-10220|::1|  ::NombrePagina:: :: CGenerales.CGenerales::getNotificaciones[570]:: FIN
2020-02-07|16:59:07|-10220|::1|  ::NombrePagina:: :: NombrePaginaRouter[114]:: Opcion = 2
2020-02-07|16:59:07|-10220|::1|  ::NombrePagina:: :: NombrePaginaRouter[115]:: Descripcion = 2
2020-02-07|16:59:07|-10220|::1|  ::NombrePagina:: :: CGenerales.CGenerales::obtenerUsuarios[125]:: Inicia
2020-02-07|16:59:07|-10220|::1|  ::NombrePagina:: :: CGenerales.CGenerales::obtenerUsuarios[162]:: Fin
2020-02-07|17:02:06|-10220|::1|  ::NombrePagina:: :: NombrePaginaRouter[114]:: Opcion = 13
2020-02-07|17:02:06|-10220|::1|  ::NombrePagina:: :: NombrePaginaRouter[115]:: Descripcion = 13
2020-02-07|17:02:06|-10220|::1|  ::NombrePagina:: ::CGenerales.CGenerales::eliminarTempUsuario[767]:: Inicia
2020-02-07|17:02:06|-10220|::1|  ::NombrePagina:: ::CGenerales.CGenerales::eliminarTempUsuario[788]:: Fin resultado = {"mensaje":"No existe la carpeta => ..\/..\/resources\/temp\/29","resultOper":0}
2020-02-07|17:02:06|-10220|::1|  ::NombrePagina:: :: NombrePaginaRouter[114]:: Opcion = 7
2020-02-07|17:02:06|-10220|::1|  ::NombrePagina:: :: NombrePaginaRouter[115]:: Descripcion = 7
2020-02-07|17:02:06|-10220|::1|  ::NombrePagina:: :: CGenerales.CGenerales::getNotificaciones[528]:: Inicia
2020-02-07|17:02:07|-10220|::1|  ::NombrePagina:: :: CGenerales.CGenerales::getNotificaciones[540]:: SELECT id,asunto,descripcion,imagen, cast(fecha AS time) AS hora, cast(fecha AS date) AS fechaRegistro, visto,fecha FROM notificaciones WHERE estado = 1 AND idusuario_recep = 29 ORDER BY fecha DESC
2020-02-07|17:02:07|-10220|::1|  ::NombrePagina:: :: CGenerales.CGenerales::getNotificaciones[570]:: FIN
2020-02-07|17:02:07|-10220|::1|  ::NombrePagina:: :: NombrePaginaRouter[114]:: Opcion = 2
2020-02-07|17:02:07|-10220|::1|  ::NombrePagina:: :: NombrePaginaRouter[115]:: Descripcion = 2
2020-02-07|17:02:07|-10220|::1|  ::NombrePagina:: :: CGenerales.CGenerales::obtenerUsuarios[125]:: Inicia
2020-02-07|17:02:07|-10220|::1|  ::NombrePagina:: :: CGenerales.CGenerales::obtenerUsuarios[162]:: Fin
